<?xml version="1.0" encoding="UTF-8"?>
<!-- Generated by org.testng.reporters.JUnitXMLReporter -->
<testsuite ignored="0" hostname="Khalids-MacBook-Pro.local" failures="0" tests="22" name="Surefire test" time="181.747" errors="0" timestamp="2022-06-14T13:14:35 IST">
  <testcase classname="com.browserstack.test.suites.TestBase" name="@BeforeMethod setUp" time="0.088">
    <failure type="java.lang.IllegalStateException" message="The driver executable does not exist: /Users/shaikhalid/Documents/BrowserStack/Customer Debugging/cvlib/sel4-3/browserstack-examples-testng/src/test/resources/drivers/chromedriver">
      <![CDATA[java.lang.IllegalStateException: The driver executable does not exist: /Users/shaikhalid/Documents/BrowserStack/Customer Debugging/cvlib/sel4-3/browserstack-examples-testng/src/test/resources/drivers/chromedriver
at com.google.common.base.Preconditions.checkState(Preconditions.java:585)
at org.openqa.selenium.remote.service.DriverService.checkExecutable(DriverService.java:146)
at org.openqa.selenium.remote.service.DriverService.findExecutable(DriverService.java:141)
at org.openqa.selenium.chrome.ChromeDriverService.access$000(ChromeDriverService.java:35)
at org.openqa.selenium.chrome.ChromeDriverService$Builder.findDefaultExecutable(ChromeDriverService.java:159)
at org.openqa.selenium.remote.service.DriverService$Builder.build(DriverService.java:355)
at org.openqa.selenium.chrome.ChromeDriverService.createDefaultService(ChromeDriverService.java:94)
at org.openqa.selenium.chrome.ChromeDriver.<init>(ChromeDriver.java:123)
at com.browserstack.test.suites.TestBase.setUp(TestBase.java:57)
at java.base/java.util.ArrayList.forEach(ArrayList.java:1511)
... Removed 34 stack frames]]>
    </failure>
  </testcase> <!-- @BeforeMethod setUp -->
  <testcase classname="com.browserstack.test.suites.TestBase" name="@AfterMethod tearDown" time="-1.655192673585E9">
    <skipped/>
  </testcase> <!-- @AfterMethod tearDown -->
  <testcase classname="com.browserstack.test.suites.TestBase" name="@BeforeMethod setUp" time="0.002">
    <failure type="java.lang.IllegalStateException" message="The driver executable does not exist: /Users/shaikhalid/Documents/BrowserStack/Customer Debugging/cvlib/sel4-3/browserstack-examples-testng/src/test/resources/drivers/chromedriver">
      <![CDATA[java.lang.IllegalStateException: The driver executable does not exist: /Users/shaikhalid/Documents/BrowserStack/Customer Debugging/cvlib/sel4-3/browserstack-examples-testng/src/test/resources/drivers/chromedriver
at com.google.common.base.Preconditions.checkState(Preconditions.java:585)
at org.openqa.selenium.remote.service.DriverService.checkExecutable(DriverService.java:146)
at org.openqa.selenium.remote.service.DriverService.findExecutable(DriverService.java:141)
at org.openqa.selenium.chrome.ChromeDriverService.access$000(ChromeDriverService.java:35)
at org.openqa.selenium.chrome.ChromeDriverService$Builder.findDefaultExecutable(ChromeDriverService.java:159)
at org.openqa.selenium.remote.service.DriverService$Builder.build(DriverService.java:355)
at org.openqa.selenium.chrome.ChromeDriverService.createDefaultService(ChromeDriverService.java:94)
at org.openqa.selenium.chrome.ChromeDriver.<init>(ChromeDriver.java:123)
at com.browserstack.test.suites.TestBase.setUp(TestBase.java:57)
at java.base/java.util.ArrayList.forEach(ArrayList.java:1511)
... Removed 34 stack frames]]>
    </failure>
  </testcase> <!-- @BeforeMethod setUp -->
  <testcase classname="com.browserstack.test.suites.TestBase" name="@AfterMethod tearDown" time="-1.655192673602E9">
    <skipped/>
  </testcase> <!-- @AfterMethod tearDown -->
  <testcase classname="com.browserstack.test.suites.TestBase" name="@BeforeMethod setUp" time="0.003">
    <failure type="java.lang.IllegalStateException" message="The driver executable does not exist: /Users/shaikhalid/Documents/BrowserStack/Customer Debugging/cvlib/sel4-3/browserstack-examples-testng/src/test/resources/drivers/chromedriver">
      <![CDATA[java.lang.IllegalStateException: The driver executable does not exist: /Users/shaikhalid/Documents/BrowserStack/Customer Debugging/cvlib/sel4-3/browserstack-examples-testng/src/test/resources/drivers/chromedriver
at com.google.common.base.Preconditions.checkState(Preconditions.java:585)
at org.openqa.selenium.remote.service.DriverService.checkExecutable(DriverService.java:146)
at org.openqa.selenium.remote.service.DriverService.findExecutable(DriverService.java:141)
at org.openqa.selenium.chrome.ChromeDriverService.access$000(ChromeDriverService.java:35)
at org.openqa.selenium.chrome.ChromeDriverService$Builder.findDefaultExecutable(ChromeDriverService.java:159)
at org.openqa.selenium.remote.service.DriverService$Builder.build(DriverService.java:355)
at org.openqa.selenium.chrome.ChromeDriverService.createDefaultService(ChromeDriverService.java:94)
at org.openqa.selenium.chrome.ChromeDriver.<init>(ChromeDriver.java:123)
at com.browserstack.test.suites.TestBase.setUp(TestBase.java:57)
at java.base/java.util.ArrayList.forEach(ArrayList.java:1511)
... Removed 34 stack frames]]>
    </failure>
  </testcase> <!-- @BeforeMethod setUp -->
  <testcase classname="com.browserstack.test.suites.TestBase" name="@AfterMethod tearDown" time="-1.655192673616E9">
    <skipped/>
  </testcase> <!-- @AfterMethod tearDown -->
  <testcase classname="com.browserstack.test.suites.TestBase" name="@BeforeMethod setUp" time="-1.655192673618E9">
    <skipped/>
  </testcase> <!-- @BeforeMethod setUp -->
  <testcase classname="com.browserstack.test.suites.TestBase" name="@AfterMethod tearDown" time="-1.655192673623E9">
    <skipped/>
  </testcase> <!-- @AfterMethod tearDown -->
  <testcase classname="com.browserstack.test.suites.TestBase" name="@BeforeMethod setUp" time="-1.655192673624E9">
    <skipped/>
  </testcase> <!-- @BeforeMethod setUp -->
  <testcase classname="com.browserstack.test.suites.TestBase" name="@AfterMethod tearDown" time="-1.655192673628E9">
    <skipped/>
  </testcase> <!-- @AfterMethod tearDown -->
  <testcase classname="com.browserstack.test.suites.TestBase" name="@BeforeMethod setUp" time="0.004">
    <failure type="java.lang.IllegalStateException" message="The driver executable does not exist: /Users/shaikhalid/Documents/BrowserStack/Customer Debugging/cvlib/sel4-3/browserstack-examples-testng/src/test/resources/drivers/chromedriver">
      <![CDATA[java.lang.IllegalStateException: The driver executable does not exist: /Users/shaikhalid/Documents/BrowserStack/Customer Debugging/cvlib/sel4-3/browserstack-examples-testng/src/test/resources/drivers/chromedriver
at com.google.common.base.Preconditions.checkState(Preconditions.java:585)
at org.openqa.selenium.remote.service.DriverService.checkExecutable(DriverService.java:146)
at org.openqa.selenium.remote.service.DriverService.findExecutable(DriverService.java:141)
at org.openqa.selenium.chrome.ChromeDriverService.access$000(ChromeDriverService.java:35)
at org.openqa.selenium.chrome.ChromeDriverService$Builder.findDefaultExecutable(ChromeDriverService.java:159)
at org.openqa.selenium.remote.service.DriverService$Builder.build(DriverService.java:355)
at org.openqa.selenium.chrome.ChromeDriverService.createDefaultService(ChromeDriverService.java:94)
at org.openqa.selenium.chrome.ChromeDriver.<init>(ChromeDriver.java:123)
at com.browserstack.test.suites.TestBase.setUp(TestBase.java:57)
at java.base/java.util.ArrayList.forEach(ArrayList.java:1511)
... Removed 34 stack frames]]>
    </failure>
  </testcase> <!-- @BeforeMethod setUp -->
  <testcase classname="com.browserstack.test.suites.TestBase" name="@AfterMethod tearDown" time="-1.655192673649E9">
    <skipped/>
  </testcase> <!-- @AfterMethod tearDown -->
  <testcase classname="com.browserstack.test.suites.TestBase" name="@BeforeMethod setUp" time="-1.655192673651E9">
    <skipped/>
  </testcase> <!-- @BeforeMethod setUp -->
  <testcase classname="com.browserstack.test.suites.TestBase" name="@AfterMethod tearDown" time="-1.655192673657E9">
    <skipped/>
  </testcase> <!-- @AfterMethod tearDown -->
  <testcase classname="com.browserstack.test.suites.TestBase" name="@BeforeMethod setUp" time="0.004">
    <failure type="java.lang.IllegalStateException" message="The driver executable does not exist: /Users/shaikhalid/Documents/BrowserStack/Customer Debugging/cvlib/sel4-3/browserstack-examples-testng/src/test/resources/drivers/chromedriver">
      <![CDATA[java.lang.IllegalStateException: The driver executable does not exist: /Users/shaikhalid/Documents/BrowserStack/Customer Debugging/cvlib/sel4-3/browserstack-examples-testng/src/test/resources/drivers/chromedriver
at com.google.common.base.Preconditions.checkState(Preconditions.java:585)
at org.openqa.selenium.remote.service.DriverService.checkExecutable(DriverService.java:146)
at org.openqa.selenium.remote.service.DriverService.findExecutable(DriverService.java:141)
at org.openqa.selenium.chrome.ChromeDriverService.access$000(ChromeDriverService.java:35)
at org.openqa.selenium.chrome.ChromeDriverService$Builder.findDefaultExecutable(ChromeDriverService.java:159)
at org.openqa.selenium.remote.service.DriverService$Builder.build(DriverService.java:355)
at org.openqa.selenium.chrome.ChromeDriverService.createDefaultService(ChromeDriverService.java:94)
at org.openqa.selenium.chrome.ChromeDriver.<init>(ChromeDriver.java:123)
at com.browserstack.test.suites.TestBase.setUp(TestBase.java:57)
at java.base/java.util.ArrayList.forEach(ArrayList.java:1511)
... Removed 34 stack frames]]>
    </failure>
  </testcase> <!-- @BeforeMethod setUp -->
  <testcase classname="com.browserstack.test.suites.TestBase" name="@AfterMethod tearDown" time="-1.655192673677E9">
    <skipped/>
  </testcase> <!-- @AfterMethod tearDown -->
  <testcase classname="com.browserstack.test.suites.TestBase" name="@BeforeMethod setUp" time="0.002">
    <failure type="java.lang.IllegalStateException" message="The driver executable does not exist: /Users/shaikhalid/Documents/BrowserStack/Customer Debugging/cvlib/sel4-3/browserstack-examples-testng/src/test/resources/drivers/chromedriver">
      <![CDATA[java.lang.IllegalStateException: The driver executable does not exist: /Users/shaikhalid/Documents/BrowserStack/Customer Debugging/cvlib/sel4-3/browserstack-examples-testng/src/test/resources/drivers/chromedriver
at com.google.common.base.Preconditions.checkState(Preconditions.java:585)
at org.openqa.selenium.remote.service.DriverService.checkExecutable(DriverService.java:146)
at org.openqa.selenium.remote.service.DriverService.findExecutable(DriverService.java:141)
at org.openqa.selenium.chrome.ChromeDriverService.access$000(ChromeDriverService.java:35)
at org.openqa.selenium.chrome.ChromeDriverService$Builder.findDefaultExecutable(ChromeDriverService.java:159)
at org.openqa.selenium.remote.service.DriverService$Builder.build(DriverService.java:355)
at org.openqa.selenium.chrome.ChromeDriverService.createDefaultService(ChromeDriverService.java:94)
at org.openqa.selenium.chrome.ChromeDriver.<init>(ChromeDriver.java:123)
at com.browserstack.test.suites.TestBase.setUp(TestBase.java:57)
at java.base/java.util.ArrayList.forEach(ArrayList.java:1511)
... Removed 34 stack frames]]>
    </failure>
  </testcase> <!-- @BeforeMethod setUp -->
  <testcase classname="com.browserstack.test.suites.TestBase" name="@AfterMethod tearDown" time="-1.655192673692E9">
    <skipped/>
  </testcase> <!-- @AfterMethod tearDown -->
  <testcase classname="com.browserstack.test.suites.TestBase" name="@BeforeMethod setUp" time="0.002">
    <failure type="java.lang.IllegalStateException" message="The driver executable does not exist: /Users/shaikhalid/Documents/BrowserStack/Customer Debugging/cvlib/sel4-3/browserstack-examples-testng/src/test/resources/drivers/chromedriver">
      <![CDATA[java.lang.IllegalStateException: The driver executable does not exist: /Users/shaikhalid/Documents/BrowserStack/Customer Debugging/cvlib/sel4-3/browserstack-examples-testng/src/test/resources/drivers/chromedriver
at com.google.common.base.Preconditions.checkState(Preconditions.java:585)
at org.openqa.selenium.remote.service.DriverService.checkExecutable(DriverService.java:146)
at org.openqa.selenium.remote.service.DriverService.findExecutable(DriverService.java:141)
at org.openqa.selenium.chrome.ChromeDriverService.access$000(ChromeDriverService.java:35)
at org.openqa.selenium.chrome.ChromeDriverService$Builder.findDefaultExecutable(ChromeDriverService.java:159)
at org.openqa.selenium.remote.service.DriverService$Builder.build(DriverService.java:355)
at org.openqa.selenium.chrome.ChromeDriverService.createDefaultService(ChromeDriverService.java:94)
at org.openqa.selenium.chrome.ChromeDriver.<init>(ChromeDriver.java:123)
at com.browserstack.test.suites.TestBase.setUp(TestBase.java:57)
at java.base/java.util.ArrayList.forEach(ArrayList.java:1511)
... Removed 34 stack frames]]>
    </failure>
  </testcase> <!-- @BeforeMethod setUp -->
  <testcase classname="com.browserstack.test.suites.TestBase" name="@AfterMethod tearDown" time="-1.655192673711E9">
    <skipped/>
  </testcase> <!-- @AfterMethod tearDown -->
  <testcase classname="com.browserstack.test.suites.TestBase" name="@BeforeMethod setUp" time="-1.655192673713E9">
    <skipped/>
  </testcase> <!-- @BeforeMethod setUp -->
  <testcase classname="com.browserstack.test.suites.TestBase" name="@AfterMethod tearDown" time="-1.655192673718E9">
    <skipped/>
  </testcase> <!-- @AfterMethod tearDown -->
  <testcase classname="com.browserstack.test.suites.TestBase" name="@BeforeMethod setUp" time="-1.65519267372E9">
    <skipped/>
  </testcase> <!-- @BeforeMethod setUp -->
  <testcase classname="com.browserstack.test.suites.TestBase" name="@AfterMethod tearDown" time="-1.655192673726E9">
    <skipped/>
  </testcase> <!-- @AfterMethod tearDown -->
  <testcase classname="com.browserstack.test.suites.TestBase" name="@BeforeMethod setUp" time="0.003">
    <failure type="java.lang.IllegalStateException" message="The driver executable does not exist: /Users/shaikhalid/Documents/BrowserStack/Customer Debugging/cvlib/sel4-3/browserstack-examples-testng/src/test/resources/drivers/chromedriver">
      <![CDATA[java.lang.IllegalStateException: The driver executable does not exist: /Users/shaikhalid/Documents/BrowserStack/Customer Debugging/cvlib/sel4-3/browserstack-examples-testng/src/test/resources/drivers/chromedriver
at com.google.common.base.Preconditions.checkState(Preconditions.java:585)
at org.openqa.selenium.remote.service.DriverService.checkExecutable(DriverService.java:146)
at org.openqa.selenium.remote.service.DriverService.findExecutable(DriverService.java:141)
at org.openqa.selenium.chrome.ChromeDriverService.access$000(ChromeDriverService.java:35)
at org.openqa.selenium.chrome.ChromeDriverService$Builder.findDefaultExecutable(ChromeDriverService.java:159)
at org.openqa.selenium.remote.service.DriverService$Builder.build(DriverService.java:355)
at org.openqa.selenium.chrome.ChromeDriverService.createDefaultService(ChromeDriverService.java:94)
at org.openqa.selenium.chrome.ChromeDriver.<init>(ChromeDriver.java:123)
at com.browserstack.test.suites.TestBase.setUp(TestBase.java:57)
at java.base/java.util.ArrayList.forEach(ArrayList.java:1511)
... Removed 34 stack frames]]>
    </failure>
  </testcase> <!-- @BeforeMethod setUp -->
  <testcase classname="com.browserstack.test.suites.TestBase" name="@AfterMethod tearDown" time="-1.655192673742E9">
    <skipped/>
  </testcase> <!-- @AfterMethod tearDown -->
  <testcase classname="com.browserstack.test.suites.TestBase" name="@BeforeMethod setUp" time="-1.655192673745E9">
    <skipped/>
  </testcase> <!-- @BeforeMethod setUp -->
  <testcase classname="com.browserstack.test.suites.TestBase" name="@AfterMethod tearDown" time="-1.655192673751E9">
    <skipped/>
  </testcase> <!-- @AfterMethod tearDown -->
  <testcase classname="com.browserstack.test.suites.TestBase" name="@BeforeMethod setUp" time="-1.655192673753E9">
    <skipped/>
  </testcase> <!-- @BeforeMethod setUp -->
  <testcase classname="com.browserstack.test.suites.TestBase" name="@AfterMethod tearDown" time="-1.655192673758E9">
    <skipped/>
  </testcase> <!-- @AfterMethod tearDown -->
  <testcase classname="com.browserstack.test.suites.TestBase" name="@BeforeMethod setUp" time="0.004">
    <failure type="java.lang.IllegalStateException" message="The driver executable does not exist: /Users/shaikhalid/Documents/BrowserStack/Customer Debugging/cvlib/sel4-3/browserstack-examples-testng/src/test/resources/drivers/chromedriver">
      <![CDATA[java.lang.IllegalStateException: The driver executable does not exist: /Users/shaikhalid/Documents/BrowserStack/Customer Debugging/cvlib/sel4-3/browserstack-examples-testng/src/test/resources/drivers/chromedriver
at com.google.common.base.Preconditions.checkState(Preconditions.java:585)
at org.openqa.selenium.remote.service.DriverService.checkExecutable(DriverService.java:146)
at org.openqa.selenium.remote.service.DriverService.findExecutable(DriverService.java:141)
at org.openqa.selenium.chrome.ChromeDriverService.access$000(ChromeDriverService.java:35)
at org.openqa.selenium.chrome.ChromeDriverService$Builder.findDefaultExecutable(ChromeDriverService.java:159)
at org.openqa.selenium.remote.service.DriverService$Builder.build(DriverService.java:355)
at org.openqa.selenium.chrome.ChromeDriverService.createDefaultService(ChromeDriverService.java:94)
at org.openqa.selenium.chrome.ChromeDriver.<init>(ChromeDriver.java:123)
at com.browserstack.test.suites.TestBase.setUp(TestBase.java:57)
at java.base/java.util.ArrayList.forEach(ArrayList.java:1511)
... Removed 34 stack frames]]>
    </failure>
  </testcase> <!-- @BeforeMethod setUp -->
  <testcase classname="com.browserstack.test.suites.TestBase" name="@AfterMethod tearDown" time="-1.655192673849E9">
    <skipped/>
  </testcase> <!-- @AfterMethod tearDown -->
  <testcase classname="com.browserstack.test.suites.TestBase" name="@BeforeMethod setUp" time="-1.655192673851E9">
    <skipped/>
  </testcase> <!-- @BeforeMethod setUp -->
  <testcase classname="com.browserstack.test.suites.TestBase" name="@AfterMethod tearDown" time="-1.655192673858E9">
    <skipped/>
  </testcase> <!-- @AfterMethod tearDown -->
  <testcase classname="com.browserstack.test.suites.TestBase" name="@BeforeMethod setUp" time="-1.65519267386E9">
    <skipped/>
  </testcase> <!-- @BeforeMethod setUp -->
  <testcase classname="com.browserstack.test.suites.TestBase" name="@AfterMethod tearDown" time="-1.655192673866E9">
    <skipped/>
  </testcase> <!-- @AfterMethod tearDown -->
  <testcase classname="com.browserstack.test.suites.TestBase" name="@BeforeMethod setUp" time="0.002">
    <failure type="java.lang.IllegalStateException" message="The driver executable does not exist: /Users/shaikhalid/Documents/BrowserStack/Customer Debugging/cvlib/sel4-3/browserstack-examples-testng/src/test/resources/drivers/chromedriver">
      <![CDATA[java.lang.IllegalStateException: The driver executable does not exist: /Users/shaikhalid/Documents/BrowserStack/Customer Debugging/cvlib/sel4-3/browserstack-examples-testng/src/test/resources/drivers/chromedriver
at com.google.common.base.Preconditions.checkState(Preconditions.java:585)
at org.openqa.selenium.remote.service.DriverService.checkExecutable(DriverService.java:146)
at org.openqa.selenium.remote.service.DriverService.findExecutable(DriverService.java:141)
at org.openqa.selenium.chrome.ChromeDriverService.access$000(ChromeDriverService.java:35)
at org.openqa.selenium.chrome.ChromeDriverService$Builder.findDefaultExecutable(ChromeDriverService.java:159)
at org.openqa.selenium.remote.service.DriverService$Builder.build(DriverService.java:355)
at org.openqa.selenium.chrome.ChromeDriverService.createDefaultService(ChromeDriverService.java:94)
at org.openqa.selenium.chrome.ChromeDriver.<init>(ChromeDriver.java:123)
at com.browserstack.test.suites.TestBase.setUp(TestBase.java:57)
at java.base/java.util.ArrayList.forEach(ArrayList.java:1511)
... Removed 34 stack frames]]>
    </failure>
  </testcase> <!-- @BeforeMethod setUp -->
  <testcase classname="com.browserstack.test.suites.TestBase" name="@AfterMethod tearDown" time="-1.65519267388E9">
    <skipped/>
  </testcase> <!-- @AfterMethod tearDown -->
  <testcase classname="com.browserstack.test.suites.TestBase" name="@BeforeMethod setUp" time="0.004">
    <failure type="java.lang.IllegalStateException" message="The driver executable does not exist: /Users/shaikhalid/Documents/BrowserStack/Customer Debugging/cvlib/sel4-3/browserstack-examples-testng/src/test/resources/drivers/chromedriver">
      <![CDATA[java.lang.IllegalStateException: The driver executable does not exist: /Users/shaikhalid/Documents/BrowserStack/Customer Debugging/cvlib/sel4-3/browserstack-examples-testng/src/test/resources/drivers/chromedriver
at com.google.common.base.Preconditions.checkState(Preconditions.java:585)
at org.openqa.selenium.remote.service.DriverService.checkExecutable(DriverService.java:146)
at org.openqa.selenium.remote.service.DriverService.findExecutable(DriverService.java:141)
at org.openqa.selenium.chrome.ChromeDriverService.access$000(ChromeDriverService.java:35)
at org.openqa.selenium.chrome.ChromeDriverService$Builder.findDefaultExecutable(ChromeDriverService.java:159)
at org.openqa.selenium.remote.service.DriverService$Builder.build(DriverService.java:355)
at org.openqa.selenium.chrome.ChromeDriverService.createDefaultService(ChromeDriverService.java:94)
at org.openqa.selenium.chrome.ChromeDriver.<init>(ChromeDriver.java:123)
at com.browserstack.test.suites.TestBase.setUp(TestBase.java:57)
at java.base/java.util.ArrayList.forEach(ArrayList.java:1511)
... Removed 34 stack frames]]>
    </failure>
  </testcase> <!-- @BeforeMethod setUp -->
  <testcase classname="com.browserstack.test.suites.TestBase" name="@AfterMethod tearDown" time="-1.655192673905E9">
    <skipped/>
  </testcase> <!-- @AfterMethod tearDown -->
  <testcase classname="com.browserstack.test.suites.TestBase" name="@BeforeMethod setUp" time="0.003">
    <failure type="java.lang.IllegalStateException" message="The driver executable does not exist: /Users/shaikhalid/Documents/BrowserStack/Customer Debugging/cvlib/sel4-3/browserstack-examples-testng/src/test/resources/drivers/chromedriver">
      <![CDATA[java.lang.IllegalStateException: The driver executable does not exist: /Users/shaikhalid/Documents/BrowserStack/Customer Debugging/cvlib/sel4-3/browserstack-examples-testng/src/test/resources/drivers/chromedriver
at com.google.common.base.Preconditions.checkState(Preconditions.java:585)
at org.openqa.selenium.remote.service.DriverService.checkExecutable(DriverService.java:146)
at org.openqa.selenium.remote.service.DriverService.findExecutable(DriverService.java:141)
at org.openqa.selenium.chrome.ChromeDriverService.access$000(ChromeDriverService.java:35)
at org.openqa.selenium.chrome.ChromeDriverService$Builder.findDefaultExecutable(ChromeDriverService.java:159)
at org.openqa.selenium.remote.service.DriverService$Builder.build(DriverService.java:355)
at org.openqa.selenium.chrome.ChromeDriverService.createDefaultService(ChromeDriverService.java:94)
at org.openqa.selenium.chrome.ChromeDriver.<init>(ChromeDriver.java:123)
at com.browserstack.test.suites.TestBase.setUp(TestBase.java:57)
at java.base/java.util.ArrayList.forEach(ArrayList.java:1511)
... Removed 34 stack frames]]>
    </failure>
  </testcase> <!-- @BeforeMethod setUp -->
  <testcase classname="com.browserstack.test.suites.TestBase" name="@AfterMethod tearDown" time="-1.655192673922E9">
    <skipped/>
  </testcase> <!-- @AfterMethod tearDown -->
  <testcase classname="com.browserstack.test.suites.e2e.CVTest" name="testSearchBrowserStack" time="76.237"/>
  <testcase classname="com.browserstack.test.suites.offers.OfferTest" name="checkOffersInSingapore" time="0.0">
    <skipped/>
  </testcase> <!-- checkOffersInSingapore -->
  <testcase classname="com.browserstack.test.suites.e2e.OrderTest" name="placeOrder" time="0.0">
    <skipped/>
  </testcase> <!-- placeOrder -->
  <testcase classname="com.browserstack.test.suites.user.UserTest" name="addToFavourites" time="0.0">
    <skipped/>
  </testcase> <!-- addToFavourites -->
  <testcase classname="com.browserstack.test.suites.user.UserTest" name="loginAndCheckExistingOrders" time="0.0">
    <skipped/>
  </testcase> <!-- loginAndCheckExistingOrders -->
  <testcase classname="com.browserstack.test.suites.user.UserTest" name="loginImagesNotLoading" time="0.0">
    <skipped/>
  </testcase> <!-- loginImagesNotLoading -->
  <testcase classname="com.browserstack.test.suites.product.FilterTest" name="filterLowestToHighestTest" time="0.0">
    <skipped/>
  </testcase> <!-- filterLowestToHighestTest -->
  <testcase classname="com.browserstack.test.suites.product.FilterTest" name="filterVendorTest" time="0.0">
    <skipped/>
  </testcase> <!-- filterVendorTest -->
  <testcase classname="com.browserstack.test.suites.login.LoginFailTest" name="loginFail" time="0.0">
    <skipped/>
  </testcase> <!-- loginFail -->
  <testcase classname="com.browserstack.test.suites.login.LoginRequestedTest" name="navigateFavoritesLoginRequested" time="0.0">
    <skipped/>
  </testcase> <!-- navigateFavoritesLoginRequested -->
  <testcase classname="com.browserstack.test.suites.login.LoginDataDrivenTest" name="validateErrors" time="0.0">
    <skipped/>
  </testcase> <!-- validateErrors -->
  <testcase classname="com.browserstack.test.suites.login.LoginDataDrivenTest" name="validateErrors" time="0.0">
    <skipped/>
  </testcase> <!-- validateErrors -->
  <testcase classname="com.browserstack.test.suites.login.LoginDataDrivenTest" name="validateErrors" time="0.0">
    <skipped/>
  </testcase> <!-- validateErrors -->
  <testcase classname="com.browserstack.test.suites.login.LoginTest" name="loginFail" time="0.0">
    <skipped/>
  </testcase> <!-- loginFail -->
  <testcase classname="com.browserstack.test.suites.login.LoginTest" name="loginLockedUser" time="0.0">
    <skipped/>
  </testcase> <!-- loginLockedUser -->
  <testcase classname="com.browserstack.test.suites.login.LoginTest" name="loginSuccess" time="0.0">
    <skipped/>
  </testcase> <!-- loginSuccess -->
  <testcase classname="com.browserstack.test.suites.login.LoginDataDrivenReadFromCSVTest" name="validateErrors" time="0.0">
    <skipped/>
  </testcase> <!-- validateErrors -->
  <testcase classname="com.browserstack.test.suites.login.LoginDataDrivenReadFromCSVTest" name="validateErrors" time="0.0">
    <skipped/>
  </testcase> <!-- validateErrors -->
  <testcase classname="com.browserstack.test.suites.login.LoginDataDrivenReadFromCSVTest" name="validateErrors" time="0.0">
    <skipped/>
  </testcase> <!-- validateErrors -->
  <testcase classname="com.browserstack.test.suites.login.LoginVisualTest" name="loginLockedUser" time="0.0">
    <skipped/>
  </testcase> <!-- loginLockedUser -->
  <testcase classname="com.browserstack.test.suites.login.AccessibilityTest" name="testForAccessibility" time="0.0">
    <skipped/>
  </testcase> <!-- testForAccessibility -->
  <testcase classname="com.browserstack.test.suites.login.IgnoreRegionVisualTest" name="ignoreLogo" time="0.0">
    <skipped/>
  </testcase> <!-- ignoreLogo -->
</testsuite> <!-- Surefire test -->
