-------------------------------------------------------------------------------
Test set: com.browserstack.test.suites.e2e.CVTestEU
-------------------------------------------------------------------------------
Tests run: 3, Failures: 2, Errors: 0, Skipped: 1, Time elapsed: 2.222 s <<< FAILURE! - in com.browserstack.test.suites.e2e.CVTestEU
com.browserstack.test.suites.e2e.CVTestEU.setup  Time elapsed: 1.877 s  <<< FAILURE!
org.openqa.selenium.remote.UnreachableBrowserException: 
Could not start a new session. Possible causes are invalid address of the remote server or browser start-up failure.
Build info: version: '3.141.59', revision: 'e82be7d358', time: '2018-11-14T08:17:03'
System info: host: 'Khalids-MacBook-Pro.local', ip: '2409:4040:e81:e3ba:43c:cc8d:c184:b601%en0', os.name: 'Mac OS X', os.arch: 'x86_64', os.version: '12.4', java.version: '18.0.1'
Driver info: driver.version: RemoteWebDriver
	at com.browserstack.test.suites.e2e.CVTestEU.setup(CVTestEU.java:40)
Caused by: java.net.UnknownHostException: hub-browserstack.com: nodename nor servname provided, or not known
	at com.browserstack.test.suites.e2e.CVTestEU.setup(CVTestEU.java:40)

com.browserstack.test.suites.e2e.CVTestEU.teardown  Time elapsed: 0.011 s  <<< FAILURE!
java.lang.NullPointerException: Cannot invoke "org.openqa.selenium.WebDriver.get(String)" because "this.driver" is null
	at com.browserstack.test.suites.e2e.CVTestEU.teardown(CVTestEU.java:88)

