<!DOCTYPE html PUBLIC "-//W3C//DTD XHTML 1.1//EN" "http://www.w3.org/TR/xhtml11/DTD/xhtml11.dtd">
<html xmlns="http://www.w3.org/1999/xhtml">
<head>
<meta http-equiv="content-type" content="text/html; charset=UTF-8"/>
<title>TestNG Report</title>
<style type="text/css">table {margin-bottom:10px;border-collapse:collapse;empty-cells:show}th,td {border:1px solid #009;padding:.25em .5em}th {vertical-align:bottom}td {vertical-align:top}table a {font-weight:bold}.stripe td {background-color: #E6EBF9}.num {text-align:right}.passedodd td {background-color: #3F3}.passedeven td {background-color: #0A0}.skippedodd td {background-color: #DDD}.skippedeven td {background-color: #CCC}.failedodd td,.attn {background-color: #F33}.failedeven td,.stripe .attn {background-color: #D00}.stacktrace {white-space:pre;font-family:monospace}.totop {font-size:85%;text-align:center;border-bottom:2px solid #000}.invisible {display:none}</style>
</head>
<body>
<table>
<tr><th>Test</th><th># Passed</th><th># Skipped</th><th># Retried</th><th># Failed</th><th>Time (ms)</th><th>Included Groups</th><th>Excluded Groups</th></tr>
<tr><th colspan="8">Surefire suite</th></tr>
<tr><td><a href="#t0">Surefire test</a></td><td class="num">1</td><td class="num attn">21</td><td class="num">0</td><td class="num">0</td><td class="num">181,747</td><td></td><td></td></tr>
</table>
<table id='summary'><thead><tr><th>Class</th><th>Method</th><th>Start</th><th>Time (ms)</th></tr></thead><tbody><tr><th colspan="4">Surefire suite</th></tr></tbody><tbody id="t0"><tr><th colspan="4">Surefire test &#8212; failed (configuration methods)</th></tr><tr class="failedeven"><td rowspan="1">com.browserstack.test.suites.e2e.OrderTest</td><td><a href="#m0">setUp</a></td><td rowspan="1">1655192673590</td><td rowspan="1">2</td></tr><tr class="failedodd"><td rowspan="1">com.browserstack.test.suites.login.AccessibilityTest</td><td><a href="#m1">setUp</a></td><td rowspan="1">1655192673886</td><td rowspan="1">4</td></tr><tr class="failedeven"><td rowspan="1">com.browserstack.test.suites.login.IgnoreRegionVisualTest</td><td><a href="#m2">setUp</a></td><td rowspan="1">1655192673907</td><td rowspan="1">3</td></tr><tr class="failedodd"><td rowspan="1">com.browserstack.test.suites.login.LoginDataDrivenReadFromCSVTest</td><td><a href="#m3">setUp</a></td><td rowspan="1">1655192673835</td><td rowspan="1">4</td></tr><tr class="failedeven"><td rowspan="1">com.browserstack.test.suites.login.LoginDataDrivenTest</td><td><a href="#m4">setUp</a></td><td rowspan="1">1655192673700</td><td rowspan="1">2</td></tr><tr class="failedodd"><td rowspan="1">com.browserstack.test.suites.login.LoginFailTest</td><td><a href="#m5">setUp</a></td><td rowspan="1">1655192673660</td><td rowspan="1">4</td></tr><tr class="failedeven"><td rowspan="1">com.browserstack.test.suites.login.LoginRequestedTest</td><td><a href="#m6">setUp</a></td><td rowspan="1">1655192673679</td><td rowspan="1">2</td></tr><tr class="failedodd"><td rowspan="1">com.browserstack.test.suites.login.LoginTest</td><td><a href="#m7">setUp</a></td><td rowspan="1">1655192673729</td><td rowspan="1">3</td></tr><tr class="failedeven"><td rowspan="1">com.browserstack.test.suites.login.LoginVisualTest</td><td><a href="#m8">setUp</a></td><td rowspan="1">1655192673869</td><td rowspan="1">2</td></tr><tr class="failedodd"><td rowspan="1">com.browserstack.test.suites.offers.OfferTest</td><td><a href="#m9">setUp</a></td><td rowspan="1">1655192673455</td><td rowspan="1">88</td></tr><tr class="failedeven"><td rowspan="1">com.browserstack.test.suites.product.FilterTest</td><td><a href="#m10">setUp</a></td><td rowspan="1">1655192673631</td><td rowspan="1">4</td></tr><tr class="failedodd"><td rowspan="1">com.browserstack.test.suites.user.UserTest</td><td><a href="#m11">setUp</a></td><td rowspan="1">1655192673604</td><td rowspan="1">3</td></tr><tr><th colspan="4">Surefire test &#8212; skipped (configuration methods)</th></tr><tr class="skippedeven"><td rowspan="1">com.browserstack.test.suites.e2e.OrderTest</td><td><a href="#m12">tearDown</a></td><td rowspan="1">1655192673602</td><td rowspan="1">-1655192673602</td></tr><tr class="skippedodd"><td rowspan="1">com.browserstack.test.suites.login.AccessibilityTest</td><td><a href="#m13">tearDown</a></td><td rowspan="1">1655192673905</td><td rowspan="1">-1655192673905</td></tr><tr class="skippedeven"><td rowspan="1">com.browserstack.test.suites.login.IgnoreRegionVisualTest</td><td><a href="#m14">tearDown</a></td><td rowspan="1">1655192673922</td><td rowspan="1">-1655192673922</td></tr><tr class="skippedodd"><td rowspan="5">com.browserstack.test.suites.login.LoginDataDrivenReadFromCSVTest</td><td><a href="#m15">setUp</a></td><td rowspan="2">1655192673851</td><td rowspan="2">-1655192673851</td></tr><tr class="skippedodd"><td><a href="#m16">setUp</a></td></tr><tr class="skippedodd"><td><a href="#m17">tearDown</a></td><td rowspan="3">1655192673866</td><td rowspan="3">-1655192673866</td></tr><tr class="skippedodd"><td><a href="#m18">tearDown</a></td></tr><tr class="skippedodd"><td><a href="#m19">tearDown</a></td></tr><tr class="skippedeven"><td rowspan="5">com.browserstack.test.suites.login.LoginDataDrivenTest</td><td><a href="#m20">setUp</a></td><td rowspan="2">1655192673713</td><td rowspan="2">-1655192673713</td></tr><tr class="skippedeven"><td><a href="#m21">setUp</a></td></tr><tr class="skippedeven"><td><a href="#m22">tearDown</a></td><td rowspan="3">1655192673711</td><td rowspan="3">-1655192673711</td></tr><tr class="skippedeven"><td><a href="#m23">tearDown</a></td></tr><tr class="skippedeven"><td><a href="#m24">tearDown</a></td></tr><tr class="skippedodd"><td rowspan="1">com.browserstack.test.suites.login.LoginFailTest</td><td><a href="#m25">tearDown</a></td><td rowspan="1">1655192673677</td><td rowspan="1">-1655192673677</td></tr><tr class="skippedeven"><td rowspan="1">com.browserstack.test.suites.login.LoginRequestedTest</td><td><a href="#m26">tearDown</a></td><td rowspan="1">1655192673692</td><td rowspan="1">-1655192673692</td></tr><tr class="skippedodd"><td rowspan="5">com.browserstack.test.suites.login.LoginTest</td><td><a href="#m27">setUp</a></td><td rowspan="2">1655192673753</td><td rowspan="2">-1655192673753</td></tr><tr class="skippedodd"><td><a href="#m28">setUp</a></td></tr><tr class="skippedodd"><td><a href="#m29">tearDown</a></td><td rowspan="3">1655192673751</td><td rowspan="3">-1655192673751</td></tr><tr class="skippedodd"><td><a href="#m30">tearDown</a></td></tr><tr class="skippedodd"><td><a href="#m31">tearDown</a></td></tr><tr class="skippedeven"><td rowspan="1">com.browserstack.test.suites.login.LoginVisualTest</td><td><a href="#m32">tearDown</a></td><td rowspan="1">1655192673880</td><td rowspan="1">-1655192673880</td></tr><tr class="skippedodd"><td rowspan="1">com.browserstack.test.suites.offers.OfferTest</td><td><a href="#m33">tearDown</a></td><td rowspan="1">1655192673585</td><td rowspan="1">-1655192673585</td></tr><tr class="skippedeven"><td rowspan="3">com.browserstack.test.suites.product.FilterTest</td><td><a href="#m34">setUp</a></td><td rowspan="1">1655192673651</td><td rowspan="1">-1655192673651</td></tr><tr class="skippedeven"><td><a href="#m35">tearDown</a></td><td rowspan="2">1655192673657</td><td rowspan="2">-1655192673657</td></tr><tr class="skippedeven"><td><a href="#m36">tearDown</a></td></tr><tr class="skippedodd"><td rowspan="5">com.browserstack.test.suites.user.UserTest</td><td><a href="#m37">setUp</a></td><td rowspan="2">1655192673618</td><td rowspan="2">-1655192673618</td></tr><tr class="skippedodd"><td><a href="#m38">setUp</a></td></tr><tr class="skippedodd"><td><a href="#m39">tearDown</a></td><td rowspan="3">1655192673623</td><td rowspan="3">-1655192673623</td></tr><tr class="skippedodd"><td><a href="#m40">tearDown</a></td></tr><tr class="skippedodd"><td><a href="#m41">tearDown</a></td></tr><tr><th colspan="4">Surefire test &#8212; skipped</th></tr><tr class="skippedeven"><td rowspan="1">com.browserstack.test.suites.e2e.OrderTest</td><td><a href="#m42">placeOrder</a></td><td rowspan="1">1655192673598</td><td rowspan="1">0</td></tr><tr class="skippedodd"><td rowspan="1">com.browserstack.test.suites.login.AccessibilityTest</td><td><a href="#m43">testForAccessibility</a></td><td rowspan="1">1655192673900</td><td rowspan="1">0</td></tr><tr class="skippedeven"><td rowspan="1">com.browserstack.test.suites.login.IgnoreRegionVisualTest</td><td><a href="#m44">ignoreLogo</a></td><td rowspan="1">1655192673919</td><td rowspan="1">0</td></tr><tr class="skippedodd"><td rowspan="3">com.browserstack.test.suites.login.LoginDataDrivenReadFromCSVTest</td><td><a href="#m45">validateErrors</a></td><td rowspan="3">1655192673862</td><td rowspan="3">0</td></tr><tr class="skippedodd"><td><a href="#m46">validateErrors</a></td></tr><tr class="skippedodd"><td><a href="#m47">validateErrors</a></td></tr><tr class="skippedeven"><td rowspan="3">com.browserstack.test.suites.login.LoginDataDrivenTest</td><td><a href="#m48">validateErrors</a></td><td rowspan="3">1655192673708</td><td rowspan="3">0</td></tr><tr class="skippedeven"><td><a href="#m49">validateErrors</a></td></tr><tr class="skippedeven"><td><a href="#m50">validateErrors</a></td></tr><tr class="skippedodd"><td rowspan="1">com.browserstack.test.suites.login.LoginFailTest</td><td><a href="#m51">loginFail</a></td><td rowspan="1">1655192673674</td><td rowspan="1">0</td></tr><tr class="skippedeven"><td rowspan="1">com.browserstack.test.suites.login.LoginRequestedTest</td><td><a href="#m52">navigateFavoritesLoginRequested</a></td><td rowspan="1">1655192673689</td><td rowspan="1">0</td></tr><tr class="skippedodd"><td rowspan="3">com.browserstack.test.suites.login.LoginTest</td><td><a href="#m53">loginFail</a></td><td rowspan="1">1655192673738</td><td rowspan="1">0</td></tr><tr class="skippedodd"><td><a href="#m54">loginLockedUser</a></td><td rowspan="1">1655192673746</td><td rowspan="1">0</td></tr><tr class="skippedodd"><td><a href="#m55">loginSuccess</a></td><td rowspan="1">1655192673755</td><td rowspan="1">0</td></tr><tr class="skippedeven"><td rowspan="1">com.browserstack.test.suites.login.LoginVisualTest</td><td><a href="#m56">loginLockedUser</a></td><td rowspan="1">1655192673877</td><td rowspan="1">0</td></tr><tr class="skippedodd"><td rowspan="1">com.browserstack.test.suites.offers.OfferTest</td><td><a href="#m57">checkOffersInSingapore</a></td><td rowspan="1">1655192673581</td><td rowspan="1">0</td></tr><tr class="skippedeven"><td rowspan="2">com.browserstack.test.suites.product.FilterTest</td><td><a href="#m58">filterLowestToHighestTest</a></td><td rowspan="1">1655192673644</td><td rowspan="1">0</td></tr><tr class="skippedeven"><td><a href="#m59">filterVendorTest</a></td><td rowspan="1">1655192673652</td><td rowspan="1">0</td></tr><tr class="skippedodd"><td rowspan="3">com.browserstack.test.suites.user.UserTest</td><td><a href="#m60">addToFavourites</a></td><td rowspan="1">1655192673612</td><td rowspan="1">0</td></tr><tr class="skippedodd"><td><a href="#m61">loginAndCheckExistingOrders</a></td><td rowspan="1">1655192673619</td><td rowspan="1">0</td></tr><tr class="skippedodd"><td><a href="#m62">loginImagesNotLoading</a></td><td rowspan="1">1655192673626</td><td rowspan="1">0</td></tr><tr><th colspan="4">Surefire test &#8212; passed</th></tr><tr class="passedeven"><td rowspan="1">com.browserstack.test.suites.e2e.CVTest</td><td><a href="#m63">testSearchBrowserStack</a></td><td rowspan="1">1655192597060</td><td rowspan="1">76237</td></tr></tbody>
</table>
<h2>Surefire test</h2><h3 id="m0">com.browserstack.test.suites.e2e.OrderTest#setUp</h3><table class="result"><tr class="param"><th>Parameter #1</th><th>Parameter #2</th><th>Parameter #3</th><th>Parameter #4</th></tr><tr class="param stripe"><td>on-prem</td><td>single</td><td>0</td><td>public void com.browserstack.test.suites.e2e.OrderTest.placeOrder()</td></tr><tr><th colspan="4">Exception</th></tr><tr><td colspan="4"><div class="stacktrace">java.lang.IllegalStateException: The driver executable does not exist: /Users/shaikhalid/Documents/BrowserStack/Customer Debugging/cvlib/sel4-3/browserstack-examples-testng/src/test/resources/drivers/chromedriver
	at com.google.common.base.Preconditions.checkState(Preconditions.java:585)
	at org.openqa.selenium.remote.service.DriverService.checkExecutable(DriverService.java:146)
	at org.openqa.selenium.remote.service.DriverService.findExecutable(DriverService.java:141)
	at org.openqa.selenium.chrome.ChromeDriverService.access$000(ChromeDriverService.java:35)
	at org.openqa.selenium.chrome.ChromeDriverService$Builder.findDefaultExecutable(ChromeDriverService.java:159)
	at org.openqa.selenium.remote.service.DriverService$Builder.build(DriverService.java:355)
	at org.openqa.selenium.chrome.ChromeDriverService.createDefaultService(ChromeDriverService.java:94)
	at org.openqa.selenium.chrome.ChromeDriver.&lt;init&gt;(ChromeDriver.java:123)
	at com.browserstack.test.suites.TestBase.setUp(TestBase.java:57)
	at java.base/java.util.ArrayList.forEach(ArrayList.java:1511)
... Removed 34 stack frames</div></td></tr></table><p class="totop"><a href="#summary">back to summary</a></p>
<h3 id="m1">com.browserstack.test.suites.login.AccessibilityTest#setUp</h3><table class="result"><tr class="param"><th>Parameter #1</th><th>Parameter #2</th><th>Parameter #3</th><th>Parameter #4</th></tr><tr class="param stripe"><td>on-prem</td><td>single</td><td>0</td><td>public void com.browserstack.test.suites.login.AccessibilityTest.testForAccessibility()</td></tr><tr><th colspan="4">Exception</th></tr><tr><td colspan="4"><div class="stacktrace">java.lang.IllegalStateException: The driver executable does not exist: /Users/shaikhalid/Documents/BrowserStack/Customer Debugging/cvlib/sel4-3/browserstack-examples-testng/src/test/resources/drivers/chromedriver
	at com.google.common.base.Preconditions.checkState(Preconditions.java:585)
	at org.openqa.selenium.remote.service.DriverService.checkExecutable(DriverService.java:146)
	at org.openqa.selenium.remote.service.DriverService.findExecutable(DriverService.java:141)
	at org.openqa.selenium.chrome.ChromeDriverService.access$000(ChromeDriverService.java:35)
	at org.openqa.selenium.chrome.ChromeDriverService$Builder.findDefaultExecutable(ChromeDriverService.java:159)
	at org.openqa.selenium.remote.service.DriverService$Builder.build(DriverService.java:355)
	at org.openqa.selenium.chrome.ChromeDriverService.createDefaultService(ChromeDriverService.java:94)
	at org.openqa.selenium.chrome.ChromeDriver.&lt;init&gt;(ChromeDriver.java:123)
	at com.browserstack.test.suites.TestBase.setUp(TestBase.java:57)
	at java.base/java.util.ArrayList.forEach(ArrayList.java:1511)
... Removed 34 stack frames</div></td></tr></table><p class="totop"><a href="#summary">back to summary</a></p>
<h3 id="m2">com.browserstack.test.suites.login.IgnoreRegionVisualTest#setUp</h3><table class="result"><tr class="param"><th>Parameter #1</th><th>Parameter #2</th><th>Parameter #3</th><th>Parameter #4</th></tr><tr class="param stripe"><td>on-prem</td><td>single</td><td>0</td><td>public void com.browserstack.test.suites.login.IgnoreRegionVisualTest.ignoreLogo()</td></tr><tr><th colspan="4">Exception</th></tr><tr><td colspan="4"><div class="stacktrace">java.lang.IllegalStateException: The driver executable does not exist: /Users/shaikhalid/Documents/BrowserStack/Customer Debugging/cvlib/sel4-3/browserstack-examples-testng/src/test/resources/drivers/chromedriver
	at com.google.common.base.Preconditions.checkState(Preconditions.java:585)
	at org.openqa.selenium.remote.service.DriverService.checkExecutable(DriverService.java:146)
	at org.openqa.selenium.remote.service.DriverService.findExecutable(DriverService.java:141)
	at org.openqa.selenium.chrome.ChromeDriverService.access$000(ChromeDriverService.java:35)
	at org.openqa.selenium.chrome.ChromeDriverService$Builder.findDefaultExecutable(ChromeDriverService.java:159)
	at org.openqa.selenium.remote.service.DriverService$Builder.build(DriverService.java:355)
	at org.openqa.selenium.chrome.ChromeDriverService.createDefaultService(ChromeDriverService.java:94)
	at org.openqa.selenium.chrome.ChromeDriver.&lt;init&gt;(ChromeDriver.java:123)
	at com.browserstack.test.suites.TestBase.setUp(TestBase.java:57)
	at java.base/java.util.ArrayList.forEach(ArrayList.java:1511)
... Removed 34 stack frames</div></td></tr></table><p class="totop"><a href="#summary">back to summary</a></p>
<h3 id="m3">com.browserstack.test.suites.login.LoginDataDrivenReadFromCSVTest#setUp</h3><table class="result"><tr class="param"><th>Parameter #1</th><th>Parameter #2</th><th>Parameter #3</th><th>Parameter #4</th></tr><tr class="param stripe"><td>on-prem</td><td>single</td><td>0</td><td>public void com.browserstack.test.suites.login.LoginDataDrivenReadFromCSVTest.validateErrors(java.lang.String,java.lang.String,java.lang.String)</td></tr><tr><th colspan="4">Exception</th></tr><tr><td colspan="4"><div class="stacktrace">java.lang.IllegalStateException: The driver executable does not exist: /Users/shaikhalid/Documents/BrowserStack/Customer Debugging/cvlib/sel4-3/browserstack-examples-testng/src/test/resources/drivers/chromedriver
	at com.google.common.base.Preconditions.checkState(Preconditions.java:585)
	at org.openqa.selenium.remote.service.DriverService.checkExecutable(DriverService.java:146)
	at org.openqa.selenium.remote.service.DriverService.findExecutable(DriverService.java:141)
	at org.openqa.selenium.chrome.ChromeDriverService.access$000(ChromeDriverService.java:35)
	at org.openqa.selenium.chrome.ChromeDriverService$Builder.findDefaultExecutable(ChromeDriverService.java:159)
	at org.openqa.selenium.remote.service.DriverService$Builder.build(DriverService.java:355)
	at org.openqa.selenium.chrome.ChromeDriverService.createDefaultService(ChromeDriverService.java:94)
	at org.openqa.selenium.chrome.ChromeDriver.&lt;init&gt;(ChromeDriver.java:123)
	at com.browserstack.test.suites.TestBase.setUp(TestBase.java:57)
	at java.base/java.util.ArrayList.forEach(ArrayList.java:1511)
... Removed 34 stack frames</div></td></tr></table><p class="totop"><a href="#summary">back to summary</a></p>
<h3 id="m4">com.browserstack.test.suites.login.LoginDataDrivenTest#setUp</h3><table class="result"><tr class="param"><th>Parameter #1</th><th>Parameter #2</th><th>Parameter #3</th><th>Parameter #4</th></tr><tr class="param stripe"><td>on-prem</td><td>single</td><td>0</td><td>public void com.browserstack.test.suites.login.LoginDataDrivenTest.validateErrors(java.lang.String,java.lang.String,java.lang.String)</td></tr><tr><th colspan="4">Exception</th></tr><tr><td colspan="4"><div class="stacktrace">java.lang.IllegalStateException: The driver executable does not exist: /Users/shaikhalid/Documents/BrowserStack/Customer Debugging/cvlib/sel4-3/browserstack-examples-testng/src/test/resources/drivers/chromedriver
	at com.google.common.base.Preconditions.checkState(Preconditions.java:585)
	at org.openqa.selenium.remote.service.DriverService.checkExecutable(DriverService.java:146)
	at org.openqa.selenium.remote.service.DriverService.findExecutable(DriverService.java:141)
	at org.openqa.selenium.chrome.ChromeDriverService.access$000(ChromeDriverService.java:35)
	at org.openqa.selenium.chrome.ChromeDriverService$Builder.findDefaultExecutable(ChromeDriverService.java:159)
	at org.openqa.selenium.remote.service.DriverService$Builder.build(DriverService.java:355)
	at org.openqa.selenium.chrome.ChromeDriverService.createDefaultService(ChromeDriverService.java:94)
	at org.openqa.selenium.chrome.ChromeDriver.&lt;init&gt;(ChromeDriver.java:123)
	at com.browserstack.test.suites.TestBase.setUp(TestBase.java:57)
	at java.base/java.util.ArrayList.forEach(ArrayList.java:1511)
... Removed 34 stack frames</div></td></tr></table><p class="totop"><a href="#summary">back to summary</a></p>
<h3 id="m5">com.browserstack.test.suites.login.LoginFailTest#setUp</h3><table class="result"><tr class="param"><th>Parameter #1</th><th>Parameter #2</th><th>Parameter #3</th><th>Parameter #4</th></tr><tr class="param stripe"><td>on-prem</td><td>single</td><td>0</td><td>public void com.browserstack.test.suites.login.LoginFailTest.loginFail()</td></tr><tr><th colspan="4">Exception</th></tr><tr><td colspan="4"><div class="stacktrace">java.lang.IllegalStateException: The driver executable does not exist: /Users/shaikhalid/Documents/BrowserStack/Customer Debugging/cvlib/sel4-3/browserstack-examples-testng/src/test/resources/drivers/chromedriver
	at com.google.common.base.Preconditions.checkState(Preconditions.java:585)
	at org.openqa.selenium.remote.service.DriverService.checkExecutable(DriverService.java:146)
	at org.openqa.selenium.remote.service.DriverService.findExecutable(DriverService.java:141)
	at org.openqa.selenium.chrome.ChromeDriverService.access$000(ChromeDriverService.java:35)
	at org.openqa.selenium.chrome.ChromeDriverService$Builder.findDefaultExecutable(ChromeDriverService.java:159)
	at org.openqa.selenium.remote.service.DriverService$Builder.build(DriverService.java:355)
	at org.openqa.selenium.chrome.ChromeDriverService.createDefaultService(ChromeDriverService.java:94)
	at org.openqa.selenium.chrome.ChromeDriver.&lt;init&gt;(ChromeDriver.java:123)
	at com.browserstack.test.suites.TestBase.setUp(TestBase.java:57)
	at java.base/java.util.ArrayList.forEach(ArrayList.java:1511)
... Removed 34 stack frames</div></td></tr></table><p class="totop"><a href="#summary">back to summary</a></p>
<h3 id="m6">com.browserstack.test.suites.login.LoginRequestedTest#setUp</h3><table class="result"><tr class="param"><th>Parameter #1</th><th>Parameter #2</th><th>Parameter #3</th><th>Parameter #4</th></tr><tr class="param stripe"><td>on-prem</td><td>single</td><td>0</td><td>public void com.browserstack.test.suites.login.LoginRequestedTest.navigateFavoritesLoginRequested()</td></tr><tr><th colspan="4">Exception</th></tr><tr><td colspan="4"><div class="stacktrace">java.lang.IllegalStateException: The driver executable does not exist: /Users/shaikhalid/Documents/BrowserStack/Customer Debugging/cvlib/sel4-3/browserstack-examples-testng/src/test/resources/drivers/chromedriver
	at com.google.common.base.Preconditions.checkState(Preconditions.java:585)
	at org.openqa.selenium.remote.service.DriverService.checkExecutable(DriverService.java:146)
	at org.openqa.selenium.remote.service.DriverService.findExecutable(DriverService.java:141)
	at org.openqa.selenium.chrome.ChromeDriverService.access$000(ChromeDriverService.java:35)
	at org.openqa.selenium.chrome.ChromeDriverService$Builder.findDefaultExecutable(ChromeDriverService.java:159)
	at org.openqa.selenium.remote.service.DriverService$Builder.build(DriverService.java:355)
	at org.openqa.selenium.chrome.ChromeDriverService.createDefaultService(ChromeDriverService.java:94)
	at org.openqa.selenium.chrome.ChromeDriver.&lt;init&gt;(ChromeDriver.java:123)
	at com.browserstack.test.suites.TestBase.setUp(TestBase.java:57)
	at java.base/java.util.ArrayList.forEach(ArrayList.java:1511)
... Removed 34 stack frames</div></td></tr></table><p class="totop"><a href="#summary">back to summary</a></p>
<h3 id="m7">com.browserstack.test.suites.login.LoginTest#setUp</h3><table class="result"><tr class="param"><th>Parameter #1</th><th>Parameter #2</th><th>Parameter #3</th><th>Parameter #4</th></tr><tr class="param stripe"><td>on-prem</td><td>single</td><td>0</td><td>public void com.browserstack.test.suites.login.LoginTest.loginFail()</td></tr><tr><th colspan="4">Exception</th></tr><tr><td colspan="4"><div class="stacktrace">java.lang.IllegalStateException: The driver executable does not exist: /Users/shaikhalid/Documents/BrowserStack/Customer Debugging/cvlib/sel4-3/browserstack-examples-testng/src/test/resources/drivers/chromedriver
	at com.google.common.base.Preconditions.checkState(Preconditions.java:585)
	at org.openqa.selenium.remote.service.DriverService.checkExecutable(DriverService.java:146)
	at org.openqa.selenium.remote.service.DriverService.findExecutable(DriverService.java:141)
	at org.openqa.selenium.chrome.ChromeDriverService.access$000(ChromeDriverService.java:35)
	at org.openqa.selenium.chrome.ChromeDriverService$Builder.findDefaultExecutable(ChromeDriverService.java:159)
	at org.openqa.selenium.remote.service.DriverService$Builder.build(DriverService.java:355)
	at org.openqa.selenium.chrome.ChromeDriverService.createDefaultService(ChromeDriverService.java:94)
	at org.openqa.selenium.chrome.ChromeDriver.&lt;init&gt;(ChromeDriver.java:123)
	at com.browserstack.test.suites.TestBase.setUp(TestBase.java:57)
	at java.base/java.util.ArrayList.forEach(ArrayList.java:1511)
... Removed 34 stack frames</div></td></tr></table><p class="totop"><a href="#summary">back to summary</a></p>
<h3 id="m8">com.browserstack.test.suites.login.LoginVisualTest#setUp</h3><table class="result"><tr class="param"><th>Parameter #1</th><th>Parameter #2</th><th>Parameter #3</th><th>Parameter #4</th></tr><tr class="param stripe"><td>on-prem</td><td>single</td><td>0</td><td>public void com.browserstack.test.suites.login.LoginVisualTest.loginLockedUser()</td></tr><tr><th colspan="4">Exception</th></tr><tr><td colspan="4"><div class="stacktrace">java.lang.IllegalStateException: The driver executable does not exist: /Users/shaikhalid/Documents/BrowserStack/Customer Debugging/cvlib/sel4-3/browserstack-examples-testng/src/test/resources/drivers/chromedriver
	at com.google.common.base.Preconditions.checkState(Preconditions.java:585)
	at org.openqa.selenium.remote.service.DriverService.checkExecutable(DriverService.java:146)
	at org.openqa.selenium.remote.service.DriverService.findExecutable(DriverService.java:141)
	at org.openqa.selenium.chrome.ChromeDriverService.access$000(ChromeDriverService.java:35)
	at org.openqa.selenium.chrome.ChromeDriverService$Builder.findDefaultExecutable(ChromeDriverService.java:159)
	at org.openqa.selenium.remote.service.DriverService$Builder.build(DriverService.java:355)
	at org.openqa.selenium.chrome.ChromeDriverService.createDefaultService(ChromeDriverService.java:94)
	at org.openqa.selenium.chrome.ChromeDriver.&lt;init&gt;(ChromeDriver.java:123)
	at com.browserstack.test.suites.TestBase.setUp(TestBase.java:57)
	at java.base/java.util.ArrayList.forEach(ArrayList.java:1511)
... Removed 34 stack frames</div></td></tr></table><p class="totop"><a href="#summary">back to summary</a></p>
<h3 id="m9">com.browserstack.test.suites.offers.OfferTest#setUp</h3><table class="result"><tr class="param"><th>Parameter #1</th><th>Parameter #2</th><th>Parameter #3</th><th>Parameter #4</th></tr><tr class="param stripe"><td>on-prem</td><td>single</td><td>0</td><td>public void com.browserstack.test.suites.offers.OfferTest.checkOffersInSingapore()</td></tr><tr><th colspan="4">Exception</th></tr><tr><td colspan="4"><div class="stacktrace">java.lang.IllegalStateException: The driver executable does not exist: /Users/shaikhalid/Documents/BrowserStack/Customer Debugging/cvlib/sel4-3/browserstack-examples-testng/src/test/resources/drivers/chromedriver
	at com.google.common.base.Preconditions.checkState(Preconditions.java:585)
	at org.openqa.selenium.remote.service.DriverService.checkExecutable(DriverService.java:146)
	at org.openqa.selenium.remote.service.DriverService.findExecutable(DriverService.java:141)
	at org.openqa.selenium.chrome.ChromeDriverService.access$000(ChromeDriverService.java:35)
	at org.openqa.selenium.chrome.ChromeDriverService$Builder.findDefaultExecutable(ChromeDriverService.java:159)
	at org.openqa.selenium.remote.service.DriverService$Builder.build(DriverService.java:355)
	at org.openqa.selenium.chrome.ChromeDriverService.createDefaultService(ChromeDriverService.java:94)
	at org.openqa.selenium.chrome.ChromeDriver.&lt;init&gt;(ChromeDriver.java:123)
	at com.browserstack.test.suites.TestBase.setUp(TestBase.java:57)
	at java.base/java.util.ArrayList.forEach(ArrayList.java:1511)
... Removed 34 stack frames</div></td></tr></table><p class="totop"><a href="#summary">back to summary</a></p>
<h3 id="m10">com.browserstack.test.suites.product.FilterTest#setUp</h3><table class="result"><tr class="param"><th>Parameter #1</th><th>Parameter #2</th><th>Parameter #3</th><th>Parameter #4</th></tr><tr class="param stripe"><td>on-prem</td><td>single</td><td>0</td><td>public void com.browserstack.test.suites.product.FilterTest.filterLowestToHighestTest()</td></tr><tr><th colspan="4">Exception</th></tr><tr><td colspan="4"><div class="stacktrace">java.lang.IllegalStateException: The driver executable does not exist: /Users/shaikhalid/Documents/BrowserStack/Customer Debugging/cvlib/sel4-3/browserstack-examples-testng/src/test/resources/drivers/chromedriver
	at com.google.common.base.Preconditions.checkState(Preconditions.java:585)
	at org.openqa.selenium.remote.service.DriverService.checkExecutable(DriverService.java:146)
	at org.openqa.selenium.remote.service.DriverService.findExecutable(DriverService.java:141)
	at org.openqa.selenium.chrome.ChromeDriverService.access$000(ChromeDriverService.java:35)
	at org.openqa.selenium.chrome.ChromeDriverService$Builder.findDefaultExecutable(ChromeDriverService.java:159)
	at org.openqa.selenium.remote.service.DriverService$Builder.build(DriverService.java:355)
	at org.openqa.selenium.chrome.ChromeDriverService.createDefaultService(ChromeDriverService.java:94)
	at org.openqa.selenium.chrome.ChromeDriver.&lt;init&gt;(ChromeDriver.java:123)
	at com.browserstack.test.suites.TestBase.setUp(TestBase.java:57)
	at java.base/java.util.ArrayList.forEach(ArrayList.java:1511)
... Removed 34 stack frames</div></td></tr></table><p class="totop"><a href="#summary">back to summary</a></p>
<h3 id="m11">com.browserstack.test.suites.user.UserTest#setUp</h3><table class="result"><tr class="param"><th>Parameter #1</th><th>Parameter #2</th><th>Parameter #3</th><th>Parameter #4</th></tr><tr class="param stripe"><td>on-prem</td><td>single</td><td>0</td><td>public void com.browserstack.test.suites.user.UserTest.addToFavourites()</td></tr><tr><th colspan="4">Exception</th></tr><tr><td colspan="4"><div class="stacktrace">java.lang.IllegalStateException: The driver executable does not exist: /Users/shaikhalid/Documents/BrowserStack/Customer Debugging/cvlib/sel4-3/browserstack-examples-testng/src/test/resources/drivers/chromedriver
	at com.google.common.base.Preconditions.checkState(Preconditions.java:585)
	at org.openqa.selenium.remote.service.DriverService.checkExecutable(DriverService.java:146)
	at org.openqa.selenium.remote.service.DriverService.findExecutable(DriverService.java:141)
	at org.openqa.selenium.chrome.ChromeDriverService.access$000(ChromeDriverService.java:35)
	at org.openqa.selenium.chrome.ChromeDriverService$Builder.findDefaultExecutable(ChromeDriverService.java:159)
	at org.openqa.selenium.remote.service.DriverService$Builder.build(DriverService.java:355)
	at org.openqa.selenium.chrome.ChromeDriverService.createDefaultService(ChromeDriverService.java:94)
	at org.openqa.selenium.chrome.ChromeDriver.&lt;init&gt;(ChromeDriver.java:123)
	at com.browserstack.test.suites.TestBase.setUp(TestBase.java:57)
	at java.base/java.util.ArrayList.forEach(ArrayList.java:1511)
... Removed 34 stack frames</div></td></tr></table><p class="totop"><a href="#summary">back to summary</a></p>
<h3 id="m12">com.browserstack.test.suites.e2e.OrderTest#tearDown</h3><table class="result"><tr><th class="invisible"/></tr></table><p class="totop"><a href="#summary">back to summary</a></p>
<h3 id="m13">com.browserstack.test.suites.login.AccessibilityTest#tearDown</h3><table class="result"><tr><th class="invisible"/></tr></table><p class="totop"><a href="#summary">back to summary</a></p>
<h3 id="m14">com.browserstack.test.suites.login.IgnoreRegionVisualTest#tearDown</h3><table class="result"><tr><th class="invisible"/></tr></table><p class="totop"><a href="#summary">back to summary</a></p>
<h3 id="m15">com.browserstack.test.suites.login.LoginDataDrivenReadFromCSVTest#setUp</h3><table class="result"><tr><th class="invisible"/></tr></table><p class="totop"><a href="#summary">back to summary</a></p>
<h3 id="m16">com.browserstack.test.suites.login.LoginDataDrivenReadFromCSVTest#setUp</h3><table class="result"><tr><th class="invisible"/></tr></table><p class="totop"><a href="#summary">back to summary</a></p>
<h3 id="m17">com.browserstack.test.suites.login.LoginDataDrivenReadFromCSVTest#tearDown</h3><table class="result"><tr><th class="invisible"/></tr></table><p class="totop"><a href="#summary">back to summary</a></p>
<h3 id="m18">com.browserstack.test.suites.login.LoginDataDrivenReadFromCSVTest#tearDown</h3><table class="result"><tr><th class="invisible"/></tr></table><p class="totop"><a href="#summary">back to summary</a></p>
<h3 id="m19">com.browserstack.test.suites.login.LoginDataDrivenReadFromCSVTest#tearDown</h3><table class="result"><tr><th class="invisible"/></tr></table><p class="totop"><a href="#summary">back to summary</a></p>
<h3 id="m20">com.browserstack.test.suites.login.LoginDataDrivenTest#setUp</h3><table class="result"><tr><th class="invisible"/></tr></table><p class="totop"><a href="#summary">back to summary</a></p>
<h3 id="m21">com.browserstack.test.suites.login.LoginDataDrivenTest#setUp</h3><table class="result"><tr><th class="invisible"/></tr></table><p class="totop"><a href="#summary">back to summary</a></p>
<h3 id="m22">com.browserstack.test.suites.login.LoginDataDrivenTest#tearDown</h3><table class="result"><tr><th class="invisible"/></tr></table><p class="totop"><a href="#summary">back to summary</a></p>
<h3 id="m23">com.browserstack.test.suites.login.LoginDataDrivenTest#tearDown</h3><table class="result"><tr><th class="invisible"/></tr></table><p class="totop"><a href="#summary">back to summary</a></p>
<h3 id="m24">com.browserstack.test.suites.login.LoginDataDrivenTest#tearDown</h3><table class="result"><tr><th class="invisible"/></tr></table><p class="totop"><a href="#summary">back to summary</a></p>
<h3 id="m25">com.browserstack.test.suites.login.LoginFailTest#tearDown</h3><table class="result"><tr><th class="invisible"/></tr></table><p class="totop"><a href="#summary">back to summary</a></p>
<h3 id="m26">com.browserstack.test.suites.login.LoginRequestedTest#tearDown</h3><table class="result"><tr><th class="invisible"/></tr></table><p class="totop"><a href="#summary">back to summary</a></p>
<h3 id="m27">com.browserstack.test.suites.login.LoginTest#setUp</h3><table class="result"><tr><th class="invisible"/></tr></table><p class="totop"><a href="#summary">back to summary</a></p>
<h3 id="m28">com.browserstack.test.suites.login.LoginTest#setUp</h3><table class="result"><tr><th class="invisible"/></tr></table><p class="totop"><a href="#summary">back to summary</a></p>
<h3 id="m29">com.browserstack.test.suites.login.LoginTest#tearDown</h3><table class="result"><tr><th class="invisible"/></tr></table><p class="totop"><a href="#summary">back to summary</a></p>
<h3 id="m30">com.browserstack.test.suites.login.LoginTest#tearDown</h3><table class="result"><tr><th class="invisible"/></tr></table><p class="totop"><a href="#summary">back to summary</a></p>
<h3 id="m31">com.browserstack.test.suites.login.LoginTest#tearDown</h3><table class="result"><tr><th class="invisible"/></tr></table><p class="totop"><a href="#summary">back to summary</a></p>
<h3 id="m32">com.browserstack.test.suites.login.LoginVisualTest#tearDown</h3><table class="result"><tr><th class="invisible"/></tr></table><p class="totop"><a href="#summary">back to summary</a></p>
<h3 id="m33">com.browserstack.test.suites.offers.OfferTest#tearDown</h3><table class="result"><tr><th class="invisible"/></tr></table><p class="totop"><a href="#summary">back to summary</a></p>
<h3 id="m34">com.browserstack.test.suites.product.FilterTest#setUp</h3><table class="result"><tr><th class="invisible"/></tr></table><p class="totop"><a href="#summary">back to summary</a></p>
<h3 id="m35">com.browserstack.test.suites.product.FilterTest#tearDown</h3><table class="result"><tr><th class="invisible"/></tr></table><p class="totop"><a href="#summary">back to summary</a></p>
<h3 id="m36">com.browserstack.test.suites.product.FilterTest#tearDown</h3><table class="result"><tr><th class="invisible"/></tr></table><p class="totop"><a href="#summary">back to summary</a></p>
<h3 id="m37">com.browserstack.test.suites.user.UserTest#setUp</h3><table class="result"><tr><th class="invisible"/></tr></table><p class="totop"><a href="#summary">back to summary</a></p>
<h3 id="m38">com.browserstack.test.suites.user.UserTest#setUp</h3><table class="result"><tr><th class="invisible"/></tr></table><p class="totop"><a href="#summary">back to summary</a></p>
<h3 id="m39">com.browserstack.test.suites.user.UserTest#tearDown</h3><table class="result"><tr><th class="invisible"/></tr></table><p class="totop"><a href="#summary">back to summary</a></p>
<h3 id="m40">com.browserstack.test.suites.user.UserTest#tearDown</h3><table class="result"><tr><th class="invisible"/></tr></table><p class="totop"><a href="#summary">back to summary</a></p>
<h3 id="m41">com.browserstack.test.suites.user.UserTest#tearDown</h3><table class="result"><tr><th class="invisible"/></tr></table><p class="totop"><a href="#summary">back to summary</a></p>
<h3 id="m42">com.browserstack.test.suites.e2e.OrderTest#placeOrder</h3><table class="result"><tr><th>Exception</th></tr><tr><td><div class="stacktrace">java.lang.IllegalStateException: The driver executable does not exist: /Users/shaikhalid/Documents/BrowserStack/Customer Debugging/cvlib/sel4-3/browserstack-examples-testng/src/test/resources/drivers/chromedriver
	at com.google.common.base.Preconditions.checkState(Preconditions.java:585)
	at org.openqa.selenium.remote.service.DriverService.checkExecutable(DriverService.java:146)
	at org.openqa.selenium.remote.service.DriverService.findExecutable(DriverService.java:141)
	at org.openqa.selenium.chrome.ChromeDriverService.access$000(ChromeDriverService.java:35)
	at org.openqa.selenium.chrome.ChromeDriverService$Builder.findDefaultExecutable(ChromeDriverService.java:159)
	at org.openqa.selenium.remote.service.DriverService$Builder.build(DriverService.java:355)
	at org.openqa.selenium.chrome.ChromeDriverService.createDefaultService(ChromeDriverService.java:94)
	at org.openqa.selenium.chrome.ChromeDriver.&lt;init&gt;(ChromeDriver.java:123)
	at com.browserstack.test.suites.TestBase.setUp(TestBase.java:57)
	at java.base/java.util.ArrayList.forEach(ArrayList.java:1511)
... Removed 34 stack frames</div></td></tr></table><p class="totop"><a href="#summary">back to summary</a></p>
<h3 id="m43">com.browserstack.test.suites.login.AccessibilityTest#testForAccessibility</h3><table class="result"><tr><th>Exception</th></tr><tr><td><div class="stacktrace">java.lang.IllegalStateException: The driver executable does not exist: /Users/shaikhalid/Documents/BrowserStack/Customer Debugging/cvlib/sel4-3/browserstack-examples-testng/src/test/resources/drivers/chromedriver
	at com.google.common.base.Preconditions.checkState(Preconditions.java:585)
	at org.openqa.selenium.remote.service.DriverService.checkExecutable(DriverService.java:146)
	at org.openqa.selenium.remote.service.DriverService.findExecutable(DriverService.java:141)
	at org.openqa.selenium.chrome.ChromeDriverService.access$000(ChromeDriverService.java:35)
	at org.openqa.selenium.chrome.ChromeDriverService$Builder.findDefaultExecutable(ChromeDriverService.java:159)
	at org.openqa.selenium.remote.service.DriverService$Builder.build(DriverService.java:355)
	at org.openqa.selenium.chrome.ChromeDriverService.createDefaultService(ChromeDriverService.java:94)
	at org.openqa.selenium.chrome.ChromeDriver.&lt;init&gt;(ChromeDriver.java:123)
	at com.browserstack.test.suites.TestBase.setUp(TestBase.java:57)
	at java.base/java.util.ArrayList.forEach(ArrayList.java:1511)
... Removed 34 stack frames</div></td></tr></table><p class="totop"><a href="#summary">back to summary</a></p>
<h3 id="m44">com.browserstack.test.suites.login.IgnoreRegionVisualTest#ignoreLogo</h3><table class="result"><tr><th>Exception</th></tr><tr><td><div class="stacktrace">java.lang.IllegalStateException: The driver executable does not exist: /Users/shaikhalid/Documents/BrowserStack/Customer Debugging/cvlib/sel4-3/browserstack-examples-testng/src/test/resources/drivers/chromedriver
	at com.google.common.base.Preconditions.checkState(Preconditions.java:585)
	at org.openqa.selenium.remote.service.DriverService.checkExecutable(DriverService.java:146)
	at org.openqa.selenium.remote.service.DriverService.findExecutable(DriverService.java:141)
	at org.openqa.selenium.chrome.ChromeDriverService.access$000(ChromeDriverService.java:35)
	at org.openqa.selenium.chrome.ChromeDriverService$Builder.findDefaultExecutable(ChromeDriverService.java:159)
	at org.openqa.selenium.remote.service.DriverService$Builder.build(DriverService.java:355)
	at org.openqa.selenium.chrome.ChromeDriverService.createDefaultService(ChromeDriverService.java:94)
	at org.openqa.selenium.chrome.ChromeDriver.&lt;init&gt;(ChromeDriver.java:123)
	at com.browserstack.test.suites.TestBase.setUp(TestBase.java:57)
	at java.base/java.util.ArrayList.forEach(ArrayList.java:1511)
... Removed 34 stack frames</div></td></tr></table><p class="totop"><a href="#summary">back to summary</a></p>
<h3 id="m45">com.browserstack.test.suites.login.LoginDataDrivenReadFromCSVTest#validateErrors</h3><table class="result"><tr><th>Exception</th></tr><tr><td><div class="stacktrace">java.lang.IllegalStateException: The driver executable does not exist: /Users/shaikhalid/Documents/BrowserStack/Customer Debugging/cvlib/sel4-3/browserstack-examples-testng/src/test/resources/drivers/chromedriver
	at com.google.common.base.Preconditions.checkState(Preconditions.java:585)
	at org.openqa.selenium.remote.service.DriverService.checkExecutable(DriverService.java:146)
	at org.openqa.selenium.remote.service.DriverService.findExecutable(DriverService.java:141)
	at org.openqa.selenium.chrome.ChromeDriverService.access$000(ChromeDriverService.java:35)
	at org.openqa.selenium.chrome.ChromeDriverService$Builder.findDefaultExecutable(ChromeDriverService.java:159)
	at org.openqa.selenium.remote.service.DriverService$Builder.build(DriverService.java:355)
	at org.openqa.selenium.chrome.ChromeDriverService.createDefaultService(ChromeDriverService.java:94)
	at org.openqa.selenium.chrome.ChromeDriver.&lt;init&gt;(ChromeDriver.java:123)
	at com.browserstack.test.suites.TestBase.setUp(TestBase.java:57)
	at java.base/java.util.ArrayList.forEach(ArrayList.java:1511)
... Removed 34 stack frames</div></td></tr></table><p class="totop"><a href="#summary">back to summary</a></p>
<h3 id="m46">com.browserstack.test.suites.login.LoginDataDrivenReadFromCSVTest#validateErrors</h3><table class="result"><tr><th>Exception</th></tr><tr><td><div class="stacktrace">java.lang.IllegalStateException: The driver executable does not exist: /Users/shaikhalid/Documents/BrowserStack/Customer Debugging/cvlib/sel4-3/browserstack-examples-testng/src/test/resources/drivers/chromedriver
	at com.google.common.base.Preconditions.checkState(Preconditions.java:585)
	at org.openqa.selenium.remote.service.DriverService.checkExecutable(DriverService.java:146)
	at org.openqa.selenium.remote.service.DriverService.findExecutable(DriverService.java:141)
	at org.openqa.selenium.chrome.ChromeDriverService.access$000(ChromeDriverService.java:35)
	at org.openqa.selenium.chrome.ChromeDriverService$Builder.findDefaultExecutable(ChromeDriverService.java:159)
	at org.openqa.selenium.remote.service.DriverService$Builder.build(DriverService.java:355)
	at org.openqa.selenium.chrome.ChromeDriverService.createDefaultService(ChromeDriverService.java:94)
	at org.openqa.selenium.chrome.ChromeDriver.&lt;init&gt;(ChromeDriver.java:123)
	at com.browserstack.test.suites.TestBase.setUp(TestBase.java:57)
	at java.base/java.util.ArrayList.forEach(ArrayList.java:1511)
... Removed 34 stack frames</div></td></tr></table><p class="totop"><a href="#summary">back to summary</a></p>
<h3 id="m47">com.browserstack.test.suites.login.LoginDataDrivenReadFromCSVTest#validateErrors</h3><table class="result"><tr><th>Exception</th></tr><tr><td><div class="stacktrace">java.lang.IllegalStateException: The driver executable does not exist: /Users/shaikhalid/Documents/BrowserStack/Customer Debugging/cvlib/sel4-3/browserstack-examples-testng/src/test/resources/drivers/chromedriver
	at com.google.common.base.Preconditions.checkState(Preconditions.java:585)
	at org.openqa.selenium.remote.service.DriverService.checkExecutable(DriverService.java:146)
	at org.openqa.selenium.remote.service.DriverService.findExecutable(DriverService.java:141)
	at org.openqa.selenium.chrome.ChromeDriverService.access$000(ChromeDriverService.java:35)
	at org.openqa.selenium.chrome.ChromeDriverService$Builder.findDefaultExecutable(ChromeDriverService.java:159)
	at org.openqa.selenium.remote.service.DriverService$Builder.build(DriverService.java:355)
	at org.openqa.selenium.chrome.ChromeDriverService.createDefaultService(ChromeDriverService.java:94)
	at org.openqa.selenium.chrome.ChromeDriver.&lt;init&gt;(ChromeDriver.java:123)
	at com.browserstack.test.suites.TestBase.setUp(TestBase.java:57)
	at java.base/java.util.ArrayList.forEach(ArrayList.java:1511)
... Removed 34 stack frames</div></td></tr></table><p class="totop"><a href="#summary">back to summary</a></p>
<h3 id="m48">com.browserstack.test.suites.login.LoginDataDrivenTest#validateErrors</h3><table class="result"><tr><th>Exception</th></tr><tr><td><div class="stacktrace">java.lang.IllegalStateException: The driver executable does not exist: /Users/shaikhalid/Documents/BrowserStack/Customer Debugging/cvlib/sel4-3/browserstack-examples-testng/src/test/resources/drivers/chromedriver
	at com.google.common.base.Preconditions.checkState(Preconditions.java:585)
	at org.openqa.selenium.remote.service.DriverService.checkExecutable(DriverService.java:146)
	at org.openqa.selenium.remote.service.DriverService.findExecutable(DriverService.java:141)
	at org.openqa.selenium.chrome.ChromeDriverService.access$000(ChromeDriverService.java:35)
	at org.openqa.selenium.chrome.ChromeDriverService$Builder.findDefaultExecutable(ChromeDriverService.java:159)
	at org.openqa.selenium.remote.service.DriverService$Builder.build(DriverService.java:355)
	at org.openqa.selenium.chrome.ChromeDriverService.createDefaultService(ChromeDriverService.java:94)
	at org.openqa.selenium.chrome.ChromeDriver.&lt;init&gt;(ChromeDriver.java:123)
	at com.browserstack.test.suites.TestBase.setUp(TestBase.java:57)
	at java.base/java.util.ArrayList.forEach(ArrayList.java:1511)
... Removed 34 stack frames</div></td></tr></table><p class="totop"><a href="#summary">back to summary</a></p>
<h3 id="m49">com.browserstack.test.suites.login.LoginDataDrivenTest#validateErrors</h3><table class="result"><tr><th>Exception</th></tr><tr><td><div class="stacktrace">java.lang.IllegalStateException: The driver executable does not exist: /Users/shaikhalid/Documents/BrowserStack/Customer Debugging/cvlib/sel4-3/browserstack-examples-testng/src/test/resources/drivers/chromedriver
	at com.google.common.base.Preconditions.checkState(Preconditions.java:585)
	at org.openqa.selenium.remote.service.DriverService.checkExecutable(DriverService.java:146)
	at org.openqa.selenium.remote.service.DriverService.findExecutable(DriverService.java:141)
	at org.openqa.selenium.chrome.ChromeDriverService.access$000(ChromeDriverService.java:35)
	at org.openqa.selenium.chrome.ChromeDriverService$Builder.findDefaultExecutable(ChromeDriverService.java:159)
	at org.openqa.selenium.remote.service.DriverService$Builder.build(DriverService.java:355)
	at org.openqa.selenium.chrome.ChromeDriverService.createDefaultService(ChromeDriverService.java:94)
	at org.openqa.selenium.chrome.ChromeDriver.&lt;init&gt;(ChromeDriver.java:123)
	at com.browserstack.test.suites.TestBase.setUp(TestBase.java:57)
	at java.base/java.util.ArrayList.forEach(ArrayList.java:1511)
... Removed 34 stack frames</div></td></tr></table><p class="totop"><a href="#summary">back to summary</a></p>
<h3 id="m50">com.browserstack.test.suites.login.LoginDataDrivenTest#validateErrors</h3><table class="result"><tr><th>Exception</th></tr><tr><td><div class="stacktrace">java.lang.IllegalStateException: The driver executable does not exist: /Users/shaikhalid/Documents/BrowserStack/Customer Debugging/cvlib/sel4-3/browserstack-examples-testng/src/test/resources/drivers/chromedriver
	at com.google.common.base.Preconditions.checkState(Preconditions.java:585)
	at org.openqa.selenium.remote.service.DriverService.checkExecutable(DriverService.java:146)
	at org.openqa.selenium.remote.service.DriverService.findExecutable(DriverService.java:141)
	at org.openqa.selenium.chrome.ChromeDriverService.access$000(ChromeDriverService.java:35)
	at org.openqa.selenium.chrome.ChromeDriverService$Builder.findDefaultExecutable(ChromeDriverService.java:159)
	at org.openqa.selenium.remote.service.DriverService$Builder.build(DriverService.java:355)
	at org.openqa.selenium.chrome.ChromeDriverService.createDefaultService(ChromeDriverService.java:94)
	at org.openqa.selenium.chrome.ChromeDriver.&lt;init&gt;(ChromeDriver.java:123)
	at com.browserstack.test.suites.TestBase.setUp(TestBase.java:57)
	at java.base/java.util.ArrayList.forEach(ArrayList.java:1511)
... Removed 34 stack frames</div></td></tr></table><p class="totop"><a href="#summary">back to summary</a></p>
<h3 id="m51">com.browserstack.test.suites.login.LoginFailTest#loginFail</h3><table class="result"><tr><th>Exception</th></tr><tr><td><div class="stacktrace">java.lang.IllegalStateException: The driver executable does not exist: /Users/shaikhalid/Documents/BrowserStack/Customer Debugging/cvlib/sel4-3/browserstack-examples-testng/src/test/resources/drivers/chromedriver
	at com.google.common.base.Preconditions.checkState(Preconditions.java:585)
	at org.openqa.selenium.remote.service.DriverService.checkExecutable(DriverService.java:146)
	at org.openqa.selenium.remote.service.DriverService.findExecutable(DriverService.java:141)
	at org.openqa.selenium.chrome.ChromeDriverService.access$000(ChromeDriverService.java:35)
	at org.openqa.selenium.chrome.ChromeDriverService$Builder.findDefaultExecutable(ChromeDriverService.java:159)
	at org.openqa.selenium.remote.service.DriverService$Builder.build(DriverService.java:355)
	at org.openqa.selenium.chrome.ChromeDriverService.createDefaultService(ChromeDriverService.java:94)
	at org.openqa.selenium.chrome.ChromeDriver.&lt;init&gt;(ChromeDriver.java:123)
	at com.browserstack.test.suites.TestBase.setUp(TestBase.java:57)
	at java.base/java.util.ArrayList.forEach(ArrayList.java:1511)
... Removed 34 stack frames</div></td></tr></table><p class="totop"><a href="#summary">back to summary</a></p>
<h3 id="m52">com.browserstack.test.suites.login.LoginRequestedTest#navigateFavoritesLoginRequested</h3><table class="result"><tr><th>Exception</th></tr><tr><td><div class="stacktrace">java.lang.IllegalStateException: The driver executable does not exist: /Users/shaikhalid/Documents/BrowserStack/Customer Debugging/cvlib/sel4-3/browserstack-examples-testng/src/test/resources/drivers/chromedriver
	at com.google.common.base.Preconditions.checkState(Preconditions.java:585)
	at org.openqa.selenium.remote.service.DriverService.checkExecutable(DriverService.java:146)
	at org.openqa.selenium.remote.service.DriverService.findExecutable(DriverService.java:141)
	at org.openqa.selenium.chrome.ChromeDriverService.access$000(ChromeDriverService.java:35)
	at org.openqa.selenium.chrome.ChromeDriverService$Builder.findDefaultExecutable(ChromeDriverService.java:159)
	at org.openqa.selenium.remote.service.DriverService$Builder.build(DriverService.java:355)
	at org.openqa.selenium.chrome.ChromeDriverService.createDefaultService(ChromeDriverService.java:94)
	at org.openqa.selenium.chrome.ChromeDriver.&lt;init&gt;(ChromeDriver.java:123)
	at com.browserstack.test.suites.TestBase.setUp(TestBase.java:57)
	at java.base/java.util.ArrayList.forEach(ArrayList.java:1511)
... Removed 34 stack frames</div></td></tr></table><p class="totop"><a href="#summary">back to summary</a></p>
<h3 id="m53">com.browserstack.test.suites.login.LoginTest#loginFail</h3><table class="result"><tr><th>Exception</th></tr><tr><td><div class="stacktrace">java.lang.IllegalStateException: The driver executable does not exist: /Users/shaikhalid/Documents/BrowserStack/Customer Debugging/cvlib/sel4-3/browserstack-examples-testng/src/test/resources/drivers/chromedriver
	at com.google.common.base.Preconditions.checkState(Preconditions.java:585)
	at org.openqa.selenium.remote.service.DriverService.checkExecutable(DriverService.java:146)
	at org.openqa.selenium.remote.service.DriverService.findExecutable(DriverService.java:141)
	at org.openqa.selenium.chrome.ChromeDriverService.access$000(ChromeDriverService.java:35)
	at org.openqa.selenium.chrome.ChromeDriverService$Builder.findDefaultExecutable(ChromeDriverService.java:159)
	at org.openqa.selenium.remote.service.DriverService$Builder.build(DriverService.java:355)
	at org.openqa.selenium.chrome.ChromeDriverService.createDefaultService(ChromeDriverService.java:94)
	at org.openqa.selenium.chrome.ChromeDriver.&lt;init&gt;(ChromeDriver.java:123)
	at com.browserstack.test.suites.TestBase.setUp(TestBase.java:57)
	at java.base/java.util.ArrayList.forEach(ArrayList.java:1511)
... Removed 34 stack frames</div></td></tr></table><p class="totop"><a href="#summary">back to summary</a></p>
<h3 id="m54">com.browserstack.test.suites.login.LoginTest#loginLockedUser</h3><table class="result"><tr><th>Exception</th></tr><tr><td><div class="stacktrace">java.lang.IllegalStateException: The driver executable does not exist: /Users/shaikhalid/Documents/BrowserStack/Customer Debugging/cvlib/sel4-3/browserstack-examples-testng/src/test/resources/drivers/chromedriver
	at com.google.common.base.Preconditions.checkState(Preconditions.java:585)
	at org.openqa.selenium.remote.service.DriverService.checkExecutable(DriverService.java:146)
	at org.openqa.selenium.remote.service.DriverService.findExecutable(DriverService.java:141)
	at org.openqa.selenium.chrome.ChromeDriverService.access$000(ChromeDriverService.java:35)
	at org.openqa.selenium.chrome.ChromeDriverService$Builder.findDefaultExecutable(ChromeDriverService.java:159)
	at org.openqa.selenium.remote.service.DriverService$Builder.build(DriverService.java:355)
	at org.openqa.selenium.chrome.ChromeDriverService.createDefaultService(ChromeDriverService.java:94)
	at org.openqa.selenium.chrome.ChromeDriver.&lt;init&gt;(ChromeDriver.java:123)
	at com.browserstack.test.suites.TestBase.setUp(TestBase.java:57)
	at java.base/java.util.ArrayList.forEach(ArrayList.java:1511)
... Removed 34 stack frames</div></td></tr></table><p class="totop"><a href="#summary">back to summary</a></p>
<h3 id="m55">com.browserstack.test.suites.login.LoginTest#loginSuccess</h3><table class="result"><tr><th>Exception</th></tr><tr><td><div class="stacktrace">java.lang.IllegalStateException: The driver executable does not exist: /Users/shaikhalid/Documents/BrowserStack/Customer Debugging/cvlib/sel4-3/browserstack-examples-testng/src/test/resources/drivers/chromedriver
	at com.google.common.base.Preconditions.checkState(Preconditions.java:585)
	at org.openqa.selenium.remote.service.DriverService.checkExecutable(DriverService.java:146)
	at org.openqa.selenium.remote.service.DriverService.findExecutable(DriverService.java:141)
	at org.openqa.selenium.chrome.ChromeDriverService.access$000(ChromeDriverService.java:35)
	at org.openqa.selenium.chrome.ChromeDriverService$Builder.findDefaultExecutable(ChromeDriverService.java:159)
	at org.openqa.selenium.remote.service.DriverService$Builder.build(DriverService.java:355)
	at org.openqa.selenium.chrome.ChromeDriverService.createDefaultService(ChromeDriverService.java:94)
	at org.openqa.selenium.chrome.ChromeDriver.&lt;init&gt;(ChromeDriver.java:123)
	at com.browserstack.test.suites.TestBase.setUp(TestBase.java:57)
	at java.base/java.util.ArrayList.forEach(ArrayList.java:1511)
... Removed 34 stack frames</div></td></tr></table><p class="totop"><a href="#summary">back to summary</a></p>
<h3 id="m56">com.browserstack.test.suites.login.LoginVisualTest#loginLockedUser</h3><table class="result"><tr><th>Exception</th></tr><tr><td><div class="stacktrace">java.lang.IllegalStateException: The driver executable does not exist: /Users/shaikhalid/Documents/BrowserStack/Customer Debugging/cvlib/sel4-3/browserstack-examples-testng/src/test/resources/drivers/chromedriver
	at com.google.common.base.Preconditions.checkState(Preconditions.java:585)
	at org.openqa.selenium.remote.service.DriverService.checkExecutable(DriverService.java:146)
	at org.openqa.selenium.remote.service.DriverService.findExecutable(DriverService.java:141)
	at org.openqa.selenium.chrome.ChromeDriverService.access$000(ChromeDriverService.java:35)
	at org.openqa.selenium.chrome.ChromeDriverService$Builder.findDefaultExecutable(ChromeDriverService.java:159)
	at org.openqa.selenium.remote.service.DriverService$Builder.build(DriverService.java:355)
	at org.openqa.selenium.chrome.ChromeDriverService.createDefaultService(ChromeDriverService.java:94)
	at org.openqa.selenium.chrome.ChromeDriver.&lt;init&gt;(ChromeDriver.java:123)
	at com.browserstack.test.suites.TestBase.setUp(TestBase.java:57)
	at java.base/java.util.ArrayList.forEach(ArrayList.java:1511)
... Removed 34 stack frames</div></td></tr></table><p class="totop"><a href="#summary">back to summary</a></p>
<h3 id="m57">com.browserstack.test.suites.offers.OfferTest#checkOffersInSingapore</h3><table class="result"><tr><th>Exception</th></tr><tr><td><div class="stacktrace">java.lang.IllegalStateException: The driver executable does not exist: /Users/shaikhalid/Documents/BrowserStack/Customer Debugging/cvlib/sel4-3/browserstack-examples-testng/src/test/resources/drivers/chromedriver
	at com.google.common.base.Preconditions.checkState(Preconditions.java:585)
	at org.openqa.selenium.remote.service.DriverService.checkExecutable(DriverService.java:146)
	at org.openqa.selenium.remote.service.DriverService.findExecutable(DriverService.java:141)
	at org.openqa.selenium.chrome.ChromeDriverService.access$000(ChromeDriverService.java:35)
	at org.openqa.selenium.chrome.ChromeDriverService$Builder.findDefaultExecutable(ChromeDriverService.java:159)
	at org.openqa.selenium.remote.service.DriverService$Builder.build(DriverService.java:355)
	at org.openqa.selenium.chrome.ChromeDriverService.createDefaultService(ChromeDriverService.java:94)
	at org.openqa.selenium.chrome.ChromeDriver.&lt;init&gt;(ChromeDriver.java:123)
	at com.browserstack.test.suites.TestBase.setUp(TestBase.java:57)
	at java.base/java.util.ArrayList.forEach(ArrayList.java:1511)
... Removed 34 stack frames</div></td></tr></table><p class="totop"><a href="#summary">back to summary</a></p>
<h3 id="m58">com.browserstack.test.suites.product.FilterTest#filterLowestToHighestTest</h3><table class="result"><tr><th>Exception</th></tr><tr><td><div class="stacktrace">java.lang.IllegalStateException: The driver executable does not exist: /Users/shaikhalid/Documents/BrowserStack/Customer Debugging/cvlib/sel4-3/browserstack-examples-testng/src/test/resources/drivers/chromedriver
	at com.google.common.base.Preconditions.checkState(Preconditions.java:585)
	at org.openqa.selenium.remote.service.DriverService.checkExecutable(DriverService.java:146)
	at org.openqa.selenium.remote.service.DriverService.findExecutable(DriverService.java:141)
	at org.openqa.selenium.chrome.ChromeDriverService.access$000(ChromeDriverService.java:35)
	at org.openqa.selenium.chrome.ChromeDriverService$Builder.findDefaultExecutable(ChromeDriverService.java:159)
	at org.openqa.selenium.remote.service.DriverService$Builder.build(DriverService.java:355)
	at org.openqa.selenium.chrome.ChromeDriverService.createDefaultService(ChromeDriverService.java:94)
	at org.openqa.selenium.chrome.ChromeDriver.&lt;init&gt;(ChromeDriver.java:123)
	at com.browserstack.test.suites.TestBase.setUp(TestBase.java:57)
	at java.base/java.util.ArrayList.forEach(ArrayList.java:1511)
... Removed 34 stack frames</div></td></tr></table><p class="totop"><a href="#summary">back to summary</a></p>
<h3 id="m59">com.browserstack.test.suites.product.FilterTest#filterVendorTest</h3><table class="result"><tr><th>Exception</th></tr><tr><td><div class="stacktrace">java.lang.IllegalStateException: The driver executable does not exist: /Users/shaikhalid/Documents/BrowserStack/Customer Debugging/cvlib/sel4-3/browserstack-examples-testng/src/test/resources/drivers/chromedriver
	at com.google.common.base.Preconditions.checkState(Preconditions.java:585)
	at org.openqa.selenium.remote.service.DriverService.checkExecutable(DriverService.java:146)
	at org.openqa.selenium.remote.service.DriverService.findExecutable(DriverService.java:141)
	at org.openqa.selenium.chrome.ChromeDriverService.access$000(ChromeDriverService.java:35)
	at org.openqa.selenium.chrome.ChromeDriverService$Builder.findDefaultExecutable(ChromeDriverService.java:159)
	at org.openqa.selenium.remote.service.DriverService$Builder.build(DriverService.java:355)
	at org.openqa.selenium.chrome.ChromeDriverService.createDefaultService(ChromeDriverService.java:94)
	at org.openqa.selenium.chrome.ChromeDriver.&lt;init&gt;(ChromeDriver.java:123)
	at com.browserstack.test.suites.TestBase.setUp(TestBase.java:57)
	at java.base/java.util.ArrayList.forEach(ArrayList.java:1511)
... Removed 34 stack frames</div></td></tr></table><p class="totop"><a href="#summary">back to summary</a></p>
<h3 id="m60">com.browserstack.test.suites.user.UserTest#addToFavourites</h3><table class="result"><tr><th>Exception</th></tr><tr><td><div class="stacktrace">java.lang.IllegalStateException: The driver executable does not exist: /Users/shaikhalid/Documents/BrowserStack/Customer Debugging/cvlib/sel4-3/browserstack-examples-testng/src/test/resources/drivers/chromedriver
	at com.google.common.base.Preconditions.checkState(Preconditions.java:585)
	at org.openqa.selenium.remote.service.DriverService.checkExecutable(DriverService.java:146)
	at org.openqa.selenium.remote.service.DriverService.findExecutable(DriverService.java:141)
	at org.openqa.selenium.chrome.ChromeDriverService.access$000(ChromeDriverService.java:35)
	at org.openqa.selenium.chrome.ChromeDriverService$Builder.findDefaultExecutable(ChromeDriverService.java:159)
	at org.openqa.selenium.remote.service.DriverService$Builder.build(DriverService.java:355)
	at org.openqa.selenium.chrome.ChromeDriverService.createDefaultService(ChromeDriverService.java:94)
	at org.openqa.selenium.chrome.ChromeDriver.&lt;init&gt;(ChromeDriver.java:123)
	at com.browserstack.test.suites.TestBase.setUp(TestBase.java:57)
	at java.base/java.util.ArrayList.forEach(ArrayList.java:1511)
... Removed 34 stack frames</div></td></tr></table><p class="totop"><a href="#summary">back to summary</a></p>
<h3 id="m61">com.browserstack.test.suites.user.UserTest#loginAndCheckExistingOrders</h3><table class="result"><tr><th>Exception</th></tr><tr><td><div class="stacktrace">java.lang.IllegalStateException: The driver executable does not exist: /Users/shaikhalid/Documents/BrowserStack/Customer Debugging/cvlib/sel4-3/browserstack-examples-testng/src/test/resources/drivers/chromedriver
	at com.google.common.base.Preconditions.checkState(Preconditions.java:585)
	at org.openqa.selenium.remote.service.DriverService.checkExecutable(DriverService.java:146)
	at org.openqa.selenium.remote.service.DriverService.findExecutable(DriverService.java:141)
	at org.openqa.selenium.chrome.ChromeDriverService.access$000(ChromeDriverService.java:35)
	at org.openqa.selenium.chrome.ChromeDriverService$Builder.findDefaultExecutable(ChromeDriverService.java:159)
	at org.openqa.selenium.remote.service.DriverService$Builder.build(DriverService.java:355)
	at org.openqa.selenium.chrome.ChromeDriverService.createDefaultService(ChromeDriverService.java:94)
	at org.openqa.selenium.chrome.ChromeDriver.&lt;init&gt;(ChromeDriver.java:123)
	at com.browserstack.test.suites.TestBase.setUp(TestBase.java:57)
	at java.base/java.util.ArrayList.forEach(ArrayList.java:1511)
... Removed 34 stack frames</div></td></tr></table><p class="totop"><a href="#summary">back to summary</a></p>
<h3 id="m62">com.browserstack.test.suites.user.UserTest#loginImagesNotLoading</h3><table class="result"><tr><th>Exception</th></tr><tr><td><div class="stacktrace">java.lang.IllegalStateException: The driver executable does not exist: /Users/shaikhalid/Documents/BrowserStack/Customer Debugging/cvlib/sel4-3/browserstack-examples-testng/src/test/resources/drivers/chromedriver
	at com.google.common.base.Preconditions.checkState(Preconditions.java:585)
	at org.openqa.selenium.remote.service.DriverService.checkExecutable(DriverService.java:146)
	at org.openqa.selenium.remote.service.DriverService.findExecutable(DriverService.java:141)
	at org.openqa.selenium.chrome.ChromeDriverService.access$000(ChromeDriverService.java:35)
	at org.openqa.selenium.chrome.ChromeDriverService$Builder.findDefaultExecutable(ChromeDriverService.java:159)
	at org.openqa.selenium.remote.service.DriverService$Builder.build(DriverService.java:355)
	at org.openqa.selenium.chrome.ChromeDriverService.createDefaultService(ChromeDriverService.java:94)
	at org.openqa.selenium.chrome.ChromeDriver.&lt;init&gt;(ChromeDriver.java:123)
	at com.browserstack.test.suites.TestBase.setUp(TestBase.java:57)
	at java.base/java.util.ArrayList.forEach(ArrayList.java:1511)
... Removed 34 stack frames</div></td></tr></table><p class="totop"><a href="#summary">back to summary</a></p>
<h3 id="m63">com.browserstack.test.suites.e2e.CVTest#testSearchBrowserStack</h3><table class="result"><tr><th class="invisible"/></tr></table><p class="totop"><a href="#summary">back to summary</a></p>
</body>
</html>
