<?xml version="1.0" encoding="UTF-8"?>
<testsuite xmlns:xsi="http://www.w3.org/2001/XMLSchema-instance" xsi:noNamespaceSchemaLocation="https://maven.apache.org/surefire/maven-surefire-plugin/xsd/surefire-test-report-3.0.xsd" version="3.0" name="TestSuite" time="183.288" tests="64" errors="0" skipped="51" failures="12">
  <properties>
    <property name="java.specification.version" value="18"/>
    <property name="webdriver.chrome.driver" value="/Users/shaikhalid/Documents/BrowserStack/Customer Debugging/cvlib/sel4-3/browserstack-examples-testng/src/test/resources/drivers/chromedriver"/>
    <property name="sun.jnu.encoding" value="UTF-8"/>
    <property name="java.class.path" value="/Users/shaikhalid/Documents/BrowserStack/Customer Debugging/cvlib/sel4-3/browserstack-examples-testng/target/test-classes:/Users/shaikhalid/Documents/BrowserStack/Customer Debugging/cvlib/sel4-3/browserstack-examples-testng/target/classes:/Users/shaikhalid/.m2/repository/org/slf4j/slf4j-api/1.7.30/slf4j-api-1.7.30.jar:/Users/shaikhalid/.m2/repository/org/slf4j/slf4j-simple/1.7.30/slf4j-simple-1.7.30.jar:/Users/shaikhalid/.m2/repository/org/seleniumhq/selenium/selenium-java/3.141.59/selenium-java-3.141.59.jar:/Users/shaikhalid/.m2/repository/org/seleniumhq/selenium/selenium-api/3.141.59/selenium-api-3.141.59.jar:/Users/shaikhalid/.m2/repository/org/seleniumhq/selenium/selenium-chrome-driver/3.141.59/selenium-chrome-driver-3.141.59.jar:/Users/shaikhalid/.m2/repository/org/seleniumhq/selenium/selenium-edge-driver/3.141.59/selenium-edge-driver-3.141.59.jar:/Users/shaikhalid/.m2/repository/org/seleniumhq/selenium/selenium-firefox-driver/3.141.59/selenium-firefox-driver-3.141.59.jar:/Users/shaikhalid/.m2/repository/org/seleniumhq/selenium/selenium-ie-driver/3.141.59/selenium-ie-driver-3.141.59.jar:/Users/shaikhalid/.m2/repository/org/seleniumhq/selenium/selenium-opera-driver/3.141.59/selenium-opera-driver-3.141.59.jar:/Users/shaikhalid/.m2/repository/org/seleniumhq/selenium/selenium-remote-driver/3.141.59/selenium-remote-driver-3.141.59.jar:/Users/shaikhalid/.m2/repository/org/seleniumhq/selenium/selenium-safari-driver/3.141.59/selenium-safari-driver-3.141.59.jar:/Users/shaikhalid/.m2/repository/org/seleniumhq/selenium/selenium-support/3.141.59/selenium-support-3.141.59.jar:/Users/shaikhalid/.m2/repository/net/bytebuddy/byte-buddy/1.8.15/byte-buddy-1.8.15.jar:/Users/shaikhalid/.m2/repository/org/apache/commons/commons-exec/1.3/commons-exec-1.3.jar:/Users/shaikhalid/.m2/repository/com/google/guava/guava/25.0-jre/guava-25.0-jre.jar:/Users/shaikhalid/.m2/repository/com/google/code/findbugs/jsr305/1.3.9/jsr305-1.3.9.jar:/Users/shaikhalid/.m2/repository/org/checkerframework/checker-compat-qual/2.0.0/checker-compat-qual-2.0.0.jar:/Users/shaikhalid/.m2/repository/com/google/errorprone/error_prone_annotations/2.1.3/error_prone_annotations-2.1.3.jar:/Users/shaikhalid/.m2/repository/com/google/j2objc/j2objc-annotations/1.1/j2objc-annotations-1.1.jar:/Users/shaikhalid/.m2/repository/org/codehaus/mojo/animal-sniffer-annotations/1.14/animal-sniffer-annotations-1.14.jar:/Users/shaikhalid/.m2/repository/com/squareup/okhttp3/okhttp/3.11.0/okhttp-3.11.0.jar:/Users/shaikhalid/.m2/repository/com/squareup/okio/okio/1.14.0/okio-1.14.0.jar:/Users/shaikhalid/.m2/repository/com/browserstack/browserstack-local-java/1.0.6/browserstack-local-java-1.0.6.jar:/Users/shaikhalid/.m2/repository/commons-io/commons-io/1.3.2/commons-io-1.3.2.jar:/Users/shaikhalid/.m2/repository/org/json/json/20160212/json-20160212.jar:/Users/shaikhalid/.m2/repository/io/percy/percy-java-selenium/1.0.0/percy-java-selenium-1.0.0.jar:/Users/shaikhalid/.m2/repository/org/apache/httpcomponents/httpclient/4.5.13/httpclient-4.5.13.jar:/Users/shaikhalid/.m2/repository/org/apache/httpcomponents/httpcore/4.4.13/httpcore-4.4.13.jar:/Users/shaikhalid/.m2/repository/commons-logging/commons-logging/1.2/commons-logging-1.2.jar:/Users/shaikhalid/.m2/repository/commons-codec/commons-codec/1.11/commons-codec-1.11.jar:/Users/shaikhalid/.m2/repository/com/deque/html/axe-core/selenium/4.3.1/selenium-4.3.1.jar:/Users/shaikhalid/.m2/repository/io/github/bonigarcia/webdrivermanager/4.2.2/webdrivermanager-4.2.2.jar:/Users/shaikhalid/.m2/repository/com/google/code/gson/gson/2.8.6/gson-2.8.6.jar:/Users/shaikhalid/.m2/repository/org/apache/httpcomponents/client5/httpclient5/5.0.1/httpclient5-5.0.1.jar:/Users/shaikhalid/.m2/repository/org/apache/httpcomponents/core5/httpcore5/5.0.1/httpcore5-5.0.1.jar:/Users/shaikhalid/.m2/repository/org/apache/httpcomponents/core5/httpcore5-h2/5.0.1/httpcore5-h2-5.0.1.jar:/Users/shaikhalid/.m2/repository/org/rauschig/jarchivelib/1.1.0/jarchivelib-1.1.0.jar:/Users/shaikhalid/.m2/repository/org/apache/commons/commons-compress/1.20/commons-compress-1.20.jar:/Users/shaikhalid/.m2/repository/org/jsoup/jsoup/1.13.1/jsoup-1.13.1.jar:/Users/shaikhalid/.m2/repository/org/apache/commons/commons-lang3/3.11/commons-lang3-3.11.jar:/Users/shaikhalid/.m2/repository/com/fasterxml/jackson/core/jackson-databind/2.11.1/jackson-databind-2.11.1.jar:/Users/shaikhalid/.m2/repository/com/fasterxml/jackson/core/jackson-annotations/2.11.1/jackson-annotations-2.11.1.jar:/Users/shaikhalid/.m2/repository/com/fasterxml/jackson/core/jackson-core/2.11.1/jackson-core-2.11.1.jar:/Users/shaikhalid/.m2/repository/org/testng/testng/7.1.0/testng-7.1.0.jar:/Users/shaikhalid/.m2/repository/com/beust/jcommander/1.72/jcommander-1.72.jar:/Users/shaikhalid/.m2/repository/com/google/inject/guice/4.1.0/guice-4.1.0-no_aop.jar:/Users/shaikhalid/.m2/repository/javax/inject/javax.inject/1/javax.inject-1.jar:/Users/shaikhalid/.m2/repository/aopalliance/aopalliance/1.0/aopalliance-1.0.jar:/Users/shaikhalid/.m2/repository/org/yaml/snakeyaml/1.21/snakeyaml-1.21.jar:/Users/shaikhalid/.m2/repository/io/qameta/allure/allure-testng/2.13.8/allure-testng-2.13.8.jar:/Users/shaikhalid/.m2/repository/io/qameta/allure/allure-java-commons/2.13.8/allure-java-commons-2.13.8.jar:/Users/shaikhalid/.m2/repository/io/qameta/allure/allure-model/2.13.8/allure-model-2.13.8.jar:/Users/shaikhalid/.m2/repository/org/apache/tika/tika-core/1.24.1/tika-core-1.24.1.jar:/Users/shaikhalid/.m2/repository/org/jooq/joor-java-8/0.9.13/joor-java-8-0.9.13.jar:/Users/shaikhalid/.m2/repository/org/assertj/assertj-core/3.18.0/assertj-core-3.18.0.jar:/Users/shaikhalid/.m2/repository/com/googlecode/json-simple/json-simple/1.1.1/json-simple-1.1.1.jar:/Users/shaikhalid/.m2/repository/junit/junit/4.10/junit-4.10.jar:/Users/shaikhalid/.m2/repository/org/hamcrest/hamcrest-core/1.1/hamcrest-core-1.1.jar:/Users/shaikhalid/.m2/repository/com/opencsv/opencsv/5.4/opencsv-5.4.jar:/Users/shaikhalid/.m2/repository/org/apache/commons/commons-text/1.9/commons-text-1.9.jar:/Users/shaikhalid/.m2/repository/commons-beanutils/commons-beanutils/1.9.4/commons-beanutils-1.9.4.jar:/Users/shaikhalid/.m2/repository/commons-collections/commons-collections/3.2.2/commons-collections-3.2.2.jar:/Users/shaikhalid/.m2/repository/org/apache/commons/commons-collections4/4.4/commons-collections4-4.4.jar:"/>
    <property name="java.vm.vendor" value="Homebrew"/>
    <property name="sun.arch.data.model" value="64"/>
    <property name="java.vendor.url" value="https://github.com/Homebrew/homebrew-core/issues"/>
    <property name="user.timezone" value="Asia/Kolkata"/>
    <property name="os.name" value="Mac OS X"/>
    <property name="java.vm.specification.version" value="18"/>
    <property name="sun.java.launcher" value="SUN_STANDARD"/>
    <property name="user.country" value="IN"/>
    <property name="sun.boot.library.path" value="/usr/local/Cellar/openjdk/18.0.1/libexec/openjdk.jdk/Contents/Home/lib"/>
    <property name="sun.java.command" value="/Users/shaikhalid/Documents/BrowserStack/Customer Debugging/cvlib/sel4-3/browserstack-examples-testng/target/surefire/surefirebooter15662352094013781763.jar /Users/shaikhalid/Documents/BrowserStack/Customer Debugging/cvlib/sel4-3/browserstack-examples-testng/target/surefire 2022-06-14T13-11-30_655-jvmRun1 surefire6202128961597326860tmp surefire_013971113707048797673tmp"/>
    <property name="jdk.debug" value="release"/>
    <property name="surefire.test.class.path" value="/Users/shaikhalid/Documents/BrowserStack/Customer Debugging/cvlib/sel4-3/browserstack-examples-testng/target/test-classes:/Users/shaikhalid/Documents/BrowserStack/Customer Debugging/cvlib/sel4-3/browserstack-examples-testng/target/classes:/Users/shaikhalid/.m2/repository/org/slf4j/slf4j-api/1.7.30/slf4j-api-1.7.30.jar:/Users/shaikhalid/.m2/repository/org/slf4j/slf4j-simple/1.7.30/slf4j-simple-1.7.30.jar:/Users/shaikhalid/.m2/repository/org/seleniumhq/selenium/selenium-java/3.141.59/selenium-java-3.141.59.jar:/Users/shaikhalid/.m2/repository/org/seleniumhq/selenium/selenium-api/3.141.59/selenium-api-3.141.59.jar:/Users/shaikhalid/.m2/repository/org/seleniumhq/selenium/selenium-chrome-driver/3.141.59/selenium-chrome-driver-3.141.59.jar:/Users/shaikhalid/.m2/repository/org/seleniumhq/selenium/selenium-edge-driver/3.141.59/selenium-edge-driver-3.141.59.jar:/Users/shaikhalid/.m2/repository/org/seleniumhq/selenium/selenium-firefox-driver/3.141.59/selenium-firefox-driver-3.141.59.jar:/Users/shaikhalid/.m2/repository/org/seleniumhq/selenium/selenium-ie-driver/3.141.59/selenium-ie-driver-3.141.59.jar:/Users/shaikhalid/.m2/repository/org/seleniumhq/selenium/selenium-opera-driver/3.141.59/selenium-opera-driver-3.141.59.jar:/Users/shaikhalid/.m2/repository/org/seleniumhq/selenium/selenium-remote-driver/3.141.59/selenium-remote-driver-3.141.59.jar:/Users/shaikhalid/.m2/repository/org/seleniumhq/selenium/selenium-safari-driver/3.141.59/selenium-safari-driver-3.141.59.jar:/Users/shaikhalid/.m2/repository/org/seleniumhq/selenium/selenium-support/3.141.59/selenium-support-3.141.59.jar:/Users/shaikhalid/.m2/repository/net/bytebuddy/byte-buddy/1.8.15/byte-buddy-1.8.15.jar:/Users/shaikhalid/.m2/repository/org/apache/commons/commons-exec/1.3/commons-exec-1.3.jar:/Users/shaikhalid/.m2/repository/com/google/guava/guava/25.0-jre/guava-25.0-jre.jar:/Users/shaikhalid/.m2/repository/com/google/code/findbugs/jsr305/1.3.9/jsr305-1.3.9.jar:/Users/shaikhalid/.m2/repository/org/checkerframework/checker-compat-qual/2.0.0/checker-compat-qual-2.0.0.jar:/Users/shaikhalid/.m2/repository/com/google/errorprone/error_prone_annotations/2.1.3/error_prone_annotations-2.1.3.jar:/Users/shaikhalid/.m2/repository/com/google/j2objc/j2objc-annotations/1.1/j2objc-annotations-1.1.jar:/Users/shaikhalid/.m2/repository/org/codehaus/mojo/animal-sniffer-annotations/1.14/animal-sniffer-annotations-1.14.jar:/Users/shaikhalid/.m2/repository/com/squareup/okhttp3/okhttp/3.11.0/okhttp-3.11.0.jar:/Users/shaikhalid/.m2/repository/com/squareup/okio/okio/1.14.0/okio-1.14.0.jar:/Users/shaikhalid/.m2/repository/com/browserstack/browserstack-local-java/1.0.6/browserstack-local-java-1.0.6.jar:/Users/shaikhalid/.m2/repository/commons-io/commons-io/1.3.2/commons-io-1.3.2.jar:/Users/shaikhalid/.m2/repository/org/json/json/20160212/json-20160212.jar:/Users/shaikhalid/.m2/repository/io/percy/percy-java-selenium/1.0.0/percy-java-selenium-1.0.0.jar:/Users/shaikhalid/.m2/repository/org/apache/httpcomponents/httpclient/4.5.13/httpclient-4.5.13.jar:/Users/shaikhalid/.m2/repository/org/apache/httpcomponents/httpcore/4.4.13/httpcore-4.4.13.jar:/Users/shaikhalid/.m2/repository/commons-logging/commons-logging/1.2/commons-logging-1.2.jar:/Users/shaikhalid/.m2/repository/commons-codec/commons-codec/1.11/commons-codec-1.11.jar:/Users/shaikhalid/.m2/repository/com/deque/html/axe-core/selenium/4.3.1/selenium-4.3.1.jar:/Users/shaikhalid/.m2/repository/io/github/bonigarcia/webdrivermanager/4.2.2/webdrivermanager-4.2.2.jar:/Users/shaikhalid/.m2/repository/com/google/code/gson/gson/2.8.6/gson-2.8.6.jar:/Users/shaikhalid/.m2/repository/org/apache/httpcomponents/client5/httpclient5/5.0.1/httpclient5-5.0.1.jar:/Users/shaikhalid/.m2/repository/org/apache/httpcomponents/core5/httpcore5/5.0.1/httpcore5-5.0.1.jar:/Users/shaikhalid/.m2/repository/org/apache/httpcomponents/core5/httpcore5-h2/5.0.1/httpcore5-h2-5.0.1.jar:/Users/shaikhalid/.m2/repository/org/rauschig/jarchivelib/1.1.0/jarchivelib-1.1.0.jar:/Users/shaikhalid/.m2/repository/org/apache/commons/commons-compress/1.20/commons-compress-1.20.jar:/Users/shaikhalid/.m2/repository/org/jsoup/jsoup/1.13.1/jsoup-1.13.1.jar:/Users/shaikhalid/.m2/repository/org/apache/commons/commons-lang3/3.11/commons-lang3-3.11.jar:/Users/shaikhalid/.m2/repository/com/fasterxml/jackson/core/jackson-databind/2.11.1/jackson-databind-2.11.1.jar:/Users/shaikhalid/.m2/repository/com/fasterxml/jackson/core/jackson-annotations/2.11.1/jackson-annotations-2.11.1.jar:/Users/shaikhalid/.m2/repository/com/fasterxml/jackson/core/jackson-core/2.11.1/jackson-core-2.11.1.jar:/Users/shaikhalid/.m2/repository/org/testng/testng/7.1.0/testng-7.1.0.jar:/Users/shaikhalid/.m2/repository/com/beust/jcommander/1.72/jcommander-1.72.jar:/Users/shaikhalid/.m2/repository/com/google/inject/guice/4.1.0/guice-4.1.0-no_aop.jar:/Users/shaikhalid/.m2/repository/javax/inject/javax.inject/1/javax.inject-1.jar:/Users/shaikhalid/.m2/repository/aopalliance/aopalliance/1.0/aopalliance-1.0.jar:/Users/shaikhalid/.m2/repository/org/yaml/snakeyaml/1.21/snakeyaml-1.21.jar:/Users/shaikhalid/.m2/repository/io/qameta/allure/allure-testng/2.13.8/allure-testng-2.13.8.jar:/Users/shaikhalid/.m2/repository/io/qameta/allure/allure-java-commons/2.13.8/allure-java-commons-2.13.8.jar:/Users/shaikhalid/.m2/repository/io/qameta/allure/allure-model/2.13.8/allure-model-2.13.8.jar:/Users/shaikhalid/.m2/repository/org/apache/tika/tika-core/1.24.1/tika-core-1.24.1.jar:/Users/shaikhalid/.m2/repository/org/jooq/joor-java-8/0.9.13/joor-java-8-0.9.13.jar:/Users/shaikhalid/.m2/repository/org/assertj/assertj-core/3.18.0/assertj-core-3.18.0.jar:/Users/shaikhalid/.m2/repository/com/googlecode/json-simple/json-simple/1.1.1/json-simple-1.1.1.jar:/Users/shaikhalid/.m2/repository/junit/junit/4.10/junit-4.10.jar:/Users/shaikhalid/.m2/repository/org/hamcrest/hamcrest-core/1.1/hamcrest-core-1.1.jar:/Users/shaikhalid/.m2/repository/com/opencsv/opencsv/5.4/opencsv-5.4.jar:/Users/shaikhalid/.m2/repository/org/apache/commons/commons-text/1.9/commons-text-1.9.jar:/Users/shaikhalid/.m2/repository/commons-beanutils/commons-beanutils/1.9.4/commons-beanutils-1.9.4.jar:/Users/shaikhalid/.m2/repository/commons-collections/commons-collections/3.2.2/commons-collections-3.2.2.jar:/Users/shaikhalid/.m2/repository/org/apache/commons/commons-collections4/4.4/commons-collections4-4.4.jar:"/>
    <property name="sun.cpu.endian" value="little"/>
    <property name="user.home" value="/Users/shaikhalid"/>
    <property name="user.language" value="en"/>
    <property name="java.specification.vendor" value="Oracle Corporation"/>
    <property name="java.version.date" value="2022-04-19"/>
    <property name="java.home" value="/usr/local/Cellar/openjdk/18.0.1/libexec/openjdk.jdk/Contents/Home"/>
    <property name="file.separator" value="/"/>
    <property name="basedir" value="/Users/shaikhalid/Documents/BrowserStack/Customer Debugging/cvlib/sel4-3/browserstack-examples-testng"/>
    <property name="java.vm.compressedOopsMode" value="Zero based"/>
    <property name="line.separator" value="&#10;"/>
    <property name="java.vm.specification.vendor" value="Oracle Corporation"/>
    <property name="java.specification.name" value="Java Platform API Specification"/>
    <property name="apple.awt.application.name" value="ForkedBooter"/>
    <property name="surefire.real.class.path" value="/Users/shaikhalid/Documents/BrowserStack/Customer Debugging/cvlib/sel4-3/browserstack-examples-testng/target/surefire/surefirebooter15662352094013781763.jar"/>
    <property name="sun.management.compiler" value="HotSpot 64-Bit Tiered Compilers"/>
    <property name="java.runtime.version" value="18.0.1+0"/>
    <property name="user.name" value="shaikhalid"/>
    <property name="path.separator" value=":"/>
    <property name="os.version" value="12.4"/>
    <property name="java.runtime.name" value="OpenJDK Runtime Environment"/>
    <property name="file.encoding" value="UTF-8"/>
    <property name="java.vm.name" value="OpenJDK 64-Bit Server VM"/>
    <property name="java.vendor.version" value="Homebrew"/>
    <property name="localRepository" value="/Users/shaikhalid/.m2/repository"/>
    <property name="java.vendor.url.bug" value="https://github.com/Homebrew/homebrew-core/issues"/>
    <property name="java.io.tmpdir" value="/var/folders/gj/47khjtps27d9h0lx37msfkpc0000gn/T/"/>
    <property name="java.version" value="18.0.1"/>
    <property name="user.dir" value="/Users/shaikhalid/Documents/BrowserStack/Customer Debugging/cvlib/sel4-3/browserstack-examples-testng"/>
    <property name="os.arch" value="x86_64"/>
    <property name="java.vm.specification.name" value="Java Virtual Machine Specification"/>
    <property name="native.encoding" value="US-ASCII"/>
    <property name="environment" value="on-prem"/>
    <property name="java.library.path" value="/Users/shaikhalid/Library/Java/Extensions:/Library/Java/Extensions:/Network/Library/Java/Extensions:/System/Library/Java/Extensions:/usr/lib/java:."/>
    <property name="java.vm.info" value="mixed mode, sharing"/>
    <property name="java.vendor" value="Homebrew"/>
    <property name="java.vm.version" value="18.0.1+0"/>
    <property name="sun.io.unicode.encoding" value="UnicodeBig"/>
    <property name="java.class.version" value="62.0"/>
  </properties>
  <testcase name="testSearchBrowserStack" classname="com.browserstack.test.suites.e2e.CVTest" time="76.233">
    <system-err><![CDATA[Jun 14, 2022 1:13:16 PM org.openqa.selenium.remote.ProtocolHandshake createSession
INFO: Detected dialect: W3C
]]></system-err>
  </testcase>
  <testcase name="setUp[on-prem, single, 0, public void com.browserstack.test.suites.offers.OfferTest.checkOffersInSingapore()](0)" classname="com.browserstack.test.suites.offers.OfferTest" time="76.349">
    <failure message="The driver executable does not exist: /Users/shaikhalid/Documents/BrowserStack/Customer Debugging/cvlib/sel4-3/browserstack-examples-testng/src/test/resources/drivers/chromedriver" type="java.lang.IllegalStateException"><![CDATA[java.lang.IllegalStateException: The driver executable does not exist: /Users/shaikhalid/Documents/BrowserStack/Customer Debugging/cvlib/sel4-3/browserstack-examples-testng/src/test/resources/drivers/chromedriver
]]></failure>
  </testcase>
  <testcase name="checkOffersInSingapore" classname="com.browserstack.test.suites.offers.OfferTest" time="0">
    <skipped message="The driver executable does not exist: /Users/shaikhalid/Documents/BrowserStack/Customer Debugging/cvlib/sel4-3/browserstack-examples-testng/src/test/resources/drivers/chromedriver"/>
  </testcase>
  <testcase name="tearDown" classname="com.browserstack.test.suites.offers.OfferTest" time="0">
    <skipped/>
  </testcase>
  <testcase name="setUp[on-prem, single, 0, public void com.browserstack.test.suites.e2e.OrderTest.placeOrder()](0)" classname="com.browserstack.test.suites.e2e.OrderTest" time="0.013">
    <failure message="The driver executable does not exist: /Users/shaikhalid/Documents/BrowserStack/Customer Debugging/cvlib/sel4-3/browserstack-examples-testng/src/test/resources/drivers/chromedriver" type="java.lang.IllegalStateException"><![CDATA[java.lang.IllegalStateException: The driver executable does not exist: /Users/shaikhalid/Documents/BrowserStack/Customer Debugging/cvlib/sel4-3/browserstack-examples-testng/src/test/resources/drivers/chromedriver
]]></failure>
  </testcase>
  <testcase name="placeOrder" classname="com.browserstack.test.suites.e2e.OrderTest" time="0">
    <skipped message="The driver executable does not exist: /Users/shaikhalid/Documents/BrowserStack/Customer Debugging/cvlib/sel4-3/browserstack-examples-testng/src/test/resources/drivers/chromedriver"/>
  </testcase>
  <testcase name="tearDown" classname="com.browserstack.test.suites.e2e.OrderTest" time="0">
    <skipped/>
  </testcase>
  <testcase name="setUp[on-prem, single, 0, public void com.browserstack.test.suites.user.UserTest.addToFavourites()](0)" classname="com.browserstack.test.suites.user.UserTest" time="0.009">
    <failure message="The driver executable does not exist: /Users/shaikhalid/Documents/BrowserStack/Customer Debugging/cvlib/sel4-3/browserstack-examples-testng/src/test/resources/drivers/chromedriver" type="java.lang.IllegalStateException"><![CDATA[java.lang.IllegalStateException: The driver executable does not exist: /Users/shaikhalid/Documents/BrowserStack/Customer Debugging/cvlib/sel4-3/browserstack-examples-testng/src/test/resources/drivers/chromedriver
]]></failure>
  </testcase>
  <testcase name="addToFavourites" classname="com.browserstack.test.suites.user.UserTest" time="0">
    <skipped message="The driver executable does not exist: /Users/shaikhalid/Documents/BrowserStack/Customer Debugging/cvlib/sel4-3/browserstack-examples-testng/src/test/resources/drivers/chromedriver"/>
  </testcase>
  <testcase name="tearDown" classname="com.browserstack.test.suites.user.UserTest" time="0">
    <skipped/>
  </testcase>
  <testcase name="tearDown" classname="com.browserstack.test.suites.user.UserTest" time="0">
    <skipped/>
  </testcase>
  <testcase name="tearDown" classname="com.browserstack.test.suites.user.UserTest" time="0">
    <skipped/>
  </testcase>
  <testcase name="setUp" classname="com.browserstack.test.suites.user.UserTest" time="0">
    <skipped/>
  </testcase>
  <testcase name="setUp" classname="com.browserstack.test.suites.user.UserTest" time="0">
    <skipped/>
  </testcase>
  <testcase name="loginAndCheckExistingOrders" classname="com.browserstack.test.suites.user.UserTest" time="0">
    <skipped message="The driver executable does not exist: /Users/shaikhalid/Documents/BrowserStack/Customer Debugging/cvlib/sel4-3/browserstack-examples-testng/src/test/resources/drivers/chromedriver"/>
  </testcase>
  <testcase name="loginImagesNotLoading" classname="com.browserstack.test.suites.user.UserTest" time="0">
    <skipped message="The driver executable does not exist: /Users/shaikhalid/Documents/BrowserStack/Customer Debugging/cvlib/sel4-3/browserstack-examples-testng/src/test/resources/drivers/chromedriver"/>
  </testcase>
  <testcase name="setUp[on-prem, single, 0, public void com.browserstack.test.suites.product.FilterTest.filterLowestToHighestTest()](0)" classname="com.browserstack.test.suites.product.FilterTest" time="0.013">
    <failure message="The driver executable does not exist: /Users/shaikhalid/Documents/BrowserStack/Customer Debugging/cvlib/sel4-3/browserstack-examples-testng/src/test/resources/drivers/chromedriver" type="java.lang.IllegalStateException"><![CDATA[java.lang.IllegalStateException: The driver executable does not exist: /Users/shaikhalid/Documents/BrowserStack/Customer Debugging/cvlib/sel4-3/browserstack-examples-testng/src/test/resources/drivers/chromedriver
]]></failure>
  </testcase>
  <testcase name="filterLowestToHighestTest" classname="com.browserstack.test.suites.product.FilterTest" time="0">
    <skipped message="The driver executable does not exist: /Users/shaikhalid/Documents/BrowserStack/Customer Debugging/cvlib/sel4-3/browserstack-examples-testng/src/test/resources/drivers/chromedriver"/>
  </testcase>
  <testcase name="tearDown" classname="com.browserstack.test.suites.product.FilterTest" time="0">
    <skipped/>
  </testcase>
  <testcase name="tearDown" classname="com.browserstack.test.suites.product.FilterTest" time="0">
    <skipped/>
  </testcase>
  <testcase name="setUp" classname="com.browserstack.test.suites.product.FilterTest" time="0">
    <skipped/>
  </testcase>
  <testcase name="filterVendorTest" classname="com.browserstack.test.suites.product.FilterTest" time="0">
    <skipped message="The driver executable does not exist: /Users/shaikhalid/Documents/BrowserStack/Customer Debugging/cvlib/sel4-3/browserstack-examples-testng/src/test/resources/drivers/chromedriver"/>
  </testcase>
  <testcase name="setUp[on-prem, single, 0, public void com.browserstack.test.suites.login.LoginFailTest.loginFail()](0)" classname="com.browserstack.test.suites.login.LoginFailTest" time="0.012">
    <failure message="The driver executable does not exist: /Users/shaikhalid/Documents/BrowserStack/Customer Debugging/cvlib/sel4-3/browserstack-examples-testng/src/test/resources/drivers/chromedriver" type="java.lang.IllegalStateException"><![CDATA[java.lang.IllegalStateException: The driver executable does not exist: /Users/shaikhalid/Documents/BrowserStack/Customer Debugging/cvlib/sel4-3/browserstack-examples-testng/src/test/resources/drivers/chromedriver
]]></failure>
  </testcase>
  <testcase name="loginFail" classname="com.browserstack.test.suites.login.LoginFailTest" time="0">
    <skipped message="The driver executable does not exist: /Users/shaikhalid/Documents/BrowserStack/Customer Debugging/cvlib/sel4-3/browserstack-examples-testng/src/test/resources/drivers/chromedriver"/>
  </testcase>
  <testcase name="tearDown" classname="com.browserstack.test.suites.login.LoginFailTest" time="0">
    <skipped/>
  </testcase>
  <testcase name="setUp[on-prem, single, 0, public void com.browserstack.test.suites.login.LoginRequestedTest.navigateFavoritesLoginRequested()](0)" classname="com.browserstack.test.suites.login.LoginRequestedTest" time="0.009">
    <failure message="The driver executable does not exist: /Users/shaikhalid/Documents/BrowserStack/Customer Debugging/cvlib/sel4-3/browserstack-examples-testng/src/test/resources/drivers/chromedriver" type="java.lang.IllegalStateException"><![CDATA[java.lang.IllegalStateException: The driver executable does not exist: /Users/shaikhalid/Documents/BrowserStack/Customer Debugging/cvlib/sel4-3/browserstack-examples-testng/src/test/resources/drivers/chromedriver
]]></failure>
  </testcase>
  <testcase name="navigateFavoritesLoginRequested" classname="com.browserstack.test.suites.login.LoginRequestedTest" time="0">
    <skipped message="The driver executable does not exist: /Users/shaikhalid/Documents/BrowserStack/Customer Debugging/cvlib/sel4-3/browserstack-examples-testng/src/test/resources/drivers/chromedriver"/>
  </testcase>
  <testcase name="tearDown" classname="com.browserstack.test.suites.login.LoginRequestedTest" time="0">
    <skipped/>
  </testcase>
  <testcase name="setUp[on-prem, single, 0, public void com.browserstack.test.suites.login.LoginDataDrivenTest.validateErrors(java.lang.String,java.lang.String,java.lang.String)](0)" classname="com.browserstack.test.suites.login.LoginDataDrivenTest" time="0.014">
    <failure message="The driver executable does not exist: /Users/shaikhalid/Documents/BrowserStack/Customer Debugging/cvlib/sel4-3/browserstack-examples-testng/src/test/resources/drivers/chromedriver" type="java.lang.IllegalStateException"><![CDATA[java.lang.IllegalStateException: The driver executable does not exist: /Users/shaikhalid/Documents/BrowserStack/Customer Debugging/cvlib/sel4-3/browserstack-examples-testng/src/test/resources/drivers/chromedriver
]]></failure>
  </testcase>
  <testcase name="validateErrors" classname="com.browserstack.test.suites.login.LoginDataDrivenTest" time="0">
    <skipped message="The driver executable does not exist: /Users/shaikhalid/Documents/BrowserStack/Customer Debugging/cvlib/sel4-3/browserstack-examples-testng/src/test/resources/drivers/chromedriver"/>
  </testcase>
  <testcase name="validateErrors" classname="com.browserstack.test.suites.login.LoginDataDrivenTest" time="0">
    <skipped message="The driver executable does not exist: /Users/shaikhalid/Documents/BrowserStack/Customer Debugging/cvlib/sel4-3/browserstack-examples-testng/src/test/resources/drivers/chromedriver"/>
  </testcase>
  <testcase name="validateErrors" classname="com.browserstack.test.suites.login.LoginDataDrivenTest" time="0">
    <skipped message="The driver executable does not exist: /Users/shaikhalid/Documents/BrowserStack/Customer Debugging/cvlib/sel4-3/browserstack-examples-testng/src/test/resources/drivers/chromedriver"/>
  </testcase>
  <testcase name="tearDown" classname="com.browserstack.test.suites.login.LoginDataDrivenTest" time="0">
    <skipped/>
  </testcase>
  <testcase name="tearDown" classname="com.browserstack.test.suites.login.LoginDataDrivenTest" time="0">
    <skipped/>
  </testcase>
  <testcase name="tearDown" classname="com.browserstack.test.suites.login.LoginDataDrivenTest" time="0">
    <skipped/>
  </testcase>
  <testcase name="setUp" classname="com.browserstack.test.suites.login.LoginDataDrivenTest" time="0">
    <skipped/>
  </testcase>
  <testcase name="setUp" classname="com.browserstack.test.suites.login.LoginDataDrivenTest" time="0">
    <skipped/>
  </testcase>
  <testcase name="setUp[on-prem, single, 0, public void com.browserstack.test.suites.login.LoginTest.loginFail()](0)" classname="com.browserstack.test.suites.login.LoginTest" time="0.009">
    <failure message="The driver executable does not exist: /Users/shaikhalid/Documents/BrowserStack/Customer Debugging/cvlib/sel4-3/browserstack-examples-testng/src/test/resources/drivers/chromedriver" type="java.lang.IllegalStateException"><![CDATA[java.lang.IllegalStateException: The driver executable does not exist: /Users/shaikhalid/Documents/BrowserStack/Customer Debugging/cvlib/sel4-3/browserstack-examples-testng/src/test/resources/drivers/chromedriver
]]></failure>
  </testcase>
  <testcase name="loginFail" classname="com.browserstack.test.suites.login.LoginTest" time="0">
    <skipped message="The driver executable does not exist: /Users/shaikhalid/Documents/BrowserStack/Customer Debugging/cvlib/sel4-3/browserstack-examples-testng/src/test/resources/drivers/chromedriver"/>
  </testcase>
  <testcase name="tearDown" classname="com.browserstack.test.suites.login.LoginTest" time="0">
    <skipped/>
  </testcase>
  <testcase name="tearDown" classname="com.browserstack.test.suites.login.LoginTest" time="0">
    <skipped/>
  </testcase>
  <testcase name="tearDown" classname="com.browserstack.test.suites.login.LoginTest" time="0">
    <skipped/>
  </testcase>
  <testcase name="setUp" classname="com.browserstack.test.suites.login.LoginTest" time="0">
    <skipped/>
  </testcase>
  <testcase name="setUp" classname="com.browserstack.test.suites.login.LoginTest" time="0">
    <skipped/>
  </testcase>
  <testcase name="loginLockedUser" classname="com.browserstack.test.suites.login.LoginTest" time="0">
    <skipped message="The driver executable does not exist: /Users/shaikhalid/Documents/BrowserStack/Customer Debugging/cvlib/sel4-3/browserstack-examples-testng/src/test/resources/drivers/chromedriver"/>
  </testcase>
  <testcase name="loginSuccess" classname="com.browserstack.test.suites.login.LoginTest" time="0">
    <skipped message="The driver executable does not exist: /Users/shaikhalid/Documents/BrowserStack/Customer Debugging/cvlib/sel4-3/browserstack-examples-testng/src/test/resources/drivers/chromedriver"/>
  </testcase>
  <testcase name="setUp[on-prem, single, 0, public void com.browserstack.test.suites.login.LoginDataDrivenReadFromCSVTest.validateErrors(java.lang.String,java.lang.String,java.lang.String)](0)" classname="com.browserstack.test.suites.login.LoginDataDrivenReadFromCSVTest" time="0.085">
    <failure message="The driver executable does not exist: /Users/shaikhalid/Documents/BrowserStack/Customer Debugging/cvlib/sel4-3/browserstack-examples-testng/src/test/resources/drivers/chromedriver" type="java.lang.IllegalStateException"><![CDATA[java.lang.IllegalStateException: The driver executable does not exist: /Users/shaikhalid/Documents/BrowserStack/Customer Debugging/cvlib/sel4-3/browserstack-examples-testng/src/test/resources/drivers/chromedriver
]]></failure>
  </testcase>
  <testcase name="validateErrors" classname="com.browserstack.test.suites.login.LoginDataDrivenReadFromCSVTest" time="0">
    <skipped message="The driver executable does not exist: /Users/shaikhalid/Documents/BrowserStack/Customer Debugging/cvlib/sel4-3/browserstack-examples-testng/src/test/resources/drivers/chromedriver"/>
  </testcase>
  <testcase name="validateErrors" classname="com.browserstack.test.suites.login.LoginDataDrivenReadFromCSVTest" time="0">
    <skipped message="The driver executable does not exist: /Users/shaikhalid/Documents/BrowserStack/Customer Debugging/cvlib/sel4-3/browserstack-examples-testng/src/test/resources/drivers/chromedriver"/>
  </testcase>
  <testcase name="validateErrors" classname="com.browserstack.test.suites.login.LoginDataDrivenReadFromCSVTest" time="0">
    <skipped message="The driver executable does not exist: /Users/shaikhalid/Documents/BrowserStack/Customer Debugging/cvlib/sel4-3/browserstack-examples-testng/src/test/resources/drivers/chromedriver"/>
  </testcase>
  <testcase name="tearDown" classname="com.browserstack.test.suites.login.LoginDataDrivenReadFromCSVTest" time="0">
    <skipped/>
  </testcase>
  <testcase name="tearDown" classname="com.browserstack.test.suites.login.LoginDataDrivenReadFromCSVTest" time="0">
    <skipped/>
  </testcase>
  <testcase name="tearDown" classname="com.browserstack.test.suites.login.LoginDataDrivenReadFromCSVTest" time="0">
    <skipped/>
  </testcase>
  <testcase name="setUp" classname="com.browserstack.test.suites.login.LoginDataDrivenReadFromCSVTest" time="0">
    <skipped/>
  </testcase>
  <testcase name="setUp" classname="com.browserstack.test.suites.login.LoginDataDrivenReadFromCSVTest" time="0">
    <skipped/>
  </testcase>
  <testcase name="setUp[on-prem, single, 0, public void com.browserstack.test.suites.login.LoginVisualTest.loginLockedUser()](0)" classname="com.browserstack.test.suites.login.LoginVisualTest" time="0.01">
    <failure message="The driver executable does not exist: /Users/shaikhalid/Documents/BrowserStack/Customer Debugging/cvlib/sel4-3/browserstack-examples-testng/src/test/resources/drivers/chromedriver" type="java.lang.IllegalStateException"><![CDATA[java.lang.IllegalStateException: The driver executable does not exist: /Users/shaikhalid/Documents/BrowserStack/Customer Debugging/cvlib/sel4-3/browserstack-examples-testng/src/test/resources/drivers/chromedriver
]]></failure>
  </testcase>
  <testcase name="loginLockedUser" classname="com.browserstack.test.suites.login.LoginVisualTest" time="0">
    <skipped message="The driver executable does not exist: /Users/shaikhalid/Documents/BrowserStack/Customer Debugging/cvlib/sel4-3/browserstack-examples-testng/src/test/resources/drivers/chromedriver"/>
  </testcase>
  <testcase name="tearDown" classname="com.browserstack.test.suites.login.LoginVisualTest" time="0">
    <skipped/>
  </testcase>
  <testcase name="setUp[on-prem, single, 0, public void com.browserstack.test.suites.login.AccessibilityTest.testForAccessibility()](0)" classname="com.browserstack.test.suites.login.AccessibilityTest" time="0.014">
    <failure message="The driver executable does not exist: /Users/shaikhalid/Documents/BrowserStack/Customer Debugging/cvlib/sel4-3/browserstack-examples-testng/src/test/resources/drivers/chromedriver" type="java.lang.IllegalStateException"><![CDATA[java.lang.IllegalStateException: The driver executable does not exist: /Users/shaikhalid/Documents/BrowserStack/Customer Debugging/cvlib/sel4-3/browserstack-examples-testng/src/test/resources/drivers/chromedriver
]]></failure>
  </testcase>
  <testcase name="testForAccessibility" classname="com.browserstack.test.suites.login.AccessibilityTest" time="0">
    <skipped message="The driver executable does not exist: /Users/shaikhalid/Documents/BrowserStack/Customer Debugging/cvlib/sel4-3/browserstack-examples-testng/src/test/resources/drivers/chromedriver"/>
  </testcase>
  <testcase name="tearDown" classname="com.browserstack.test.suites.login.AccessibilityTest" time="0">
    <skipped/>
  </testcase>
  <testcase name="setUp[on-prem, single, 0, public void com.browserstack.test.suites.login.IgnoreRegionVisualTest.ignoreLogo()](0)" classname="com.browserstack.test.suites.login.IgnoreRegionVisualTest" time="0.013">
    <failure message="The driver executable does not exist: /Users/shaikhalid/Documents/BrowserStack/Customer Debugging/cvlib/sel4-3/browserstack-examples-testng/src/test/resources/drivers/chromedriver" type="java.lang.IllegalStateException"><![CDATA[java.lang.IllegalStateException: The driver executable does not exist: /Users/shaikhalid/Documents/BrowserStack/Customer Debugging/cvlib/sel4-3/browserstack-examples-testng/src/test/resources/drivers/chromedriver
]]></failure>
  </testcase>
  <testcase name="ignoreLogo" classname="com.browserstack.test.suites.login.IgnoreRegionVisualTest" time="0">
    <skipped message="The driver executable does not exist: /Users/shaikhalid/Documents/BrowserStack/Customer Debugging/cvlib/sel4-3/browserstack-examples-testng/src/test/resources/drivers/chromedriver"/>
  </testcase>
  <testcase name="tearDown" classname="com.browserstack.test.suites.login.IgnoreRegionVisualTest" time="0">
    <skipped/>
  </testcase>
</testsuite>